/media/460GB/Development/RISM-MOL-Tools/test/rism-mol-tools_2012_06_05/water.composition water.rism
/media/460GB/Development/RISM-MOL-Tools/test/rism-mol-tools_2012_06_05/CD.xyz CD.pat CD.AT
assignAtomTypes CD.pat oplsaa.ff > CD.AT
BUFFER = 9.448631;
CLOSURE = "KH";
DECAYFACTOR = 100.000000;
DECAYFACTORDIVIDER = 2.000000;
DECAYFACTORMULTIPLIER = 1.200000;
DEPTH = 1.000000;
DIISPOSTDAMPING = 0.300000;
DIISPREDAMPING = 1.000000;
DIVERGENCELAMBDADECAYFACTOR = 10.000000;
FIRSTGROWFACTOR = 1000000000.000000;
GROWFACTOR = 100.000000;
HARDCORERADIIFILE = "Ar.radii";
HARDCORES = "no";
ITERATION = "MDIIS";
LAMBDA = 0.500000;
LJCORRECTION = "yes";
LJPOTENTIALCUTOFF = 15.117809;
MAXCOARSESTEPCOUNT = 1000.000000;
MAXDECAYFACTOR = 100.000000;
MINCOARSEERROR = 0.000000;
MINDECAYFACTOR = 10.000000;
MIXINGRULES = "LorentzBerthelot";
MULTIGRID = "no";
NDIIS = 5.000000;
NESTED = "no";
NGCOEFF = 0.500000;
NORM = "HNC";
NUMBEROFEXTENTIONS = 0.000000;
NUMBEROFMULTIGRIDSUBSTEPS = 1.000000;
NUMBEROFPOSTSMOOTHINGSTEPS = 0.000000;
NUMBEROFPRESMOOTHINGSTEPS = 5.000000;
OMEGADISTANCEUNITS = "Angstr";
OUTPUTENERGYUNITS = "kcal/mol";
SOLUTEDISTANCEUNITS = "Angstr";
SOLUTEENERGYUNITS = "kcal/mol";
SOLUTESTRUCTUREFILE = "CD.rism";
SOLVENTDATAFILE = "water.slv";
SOLVENTDENSITYDISTANCEUNITS = "nm";
SOLVENTDISTANCEUNITS = "Angstr";
SOLVENTOMEGAFILE = "water.omega";
SOLVENTRDFSFILE = "/media/460GB/Development/RISM-MOL-Tools/test/rism-mol-tools_2012_06_05/waterRDFs.txt";
SOLVENTRDFSUNITS = "Bohr";
SOVENTENERGYUNITS = "kcal/mol";
SPACING = 0.944863;
T = 0.000950;
TOLERANCE = 0.000159;

convert chi[0][0] to 3D ...
 done
convert chi[0][1] to 3D ...
 done
convert chi[1][1] to 3D ...
 done
 add 1.000000 * omega(0.000000) to RDF#0 ...
 done
 add 1.000000 * omega(1.889726) to RDF#1 ...
 done
 add 0.500000 * omega(0.000000) to RDF#2 ...
 done
 add 0.500000 * omega(3.076947) to RDF#2 ...
 done
buildPotential4...
...done
F:0
LHS=
5.030350e+05	-1.000000e+00	
1.000000e+00	0.000000e+00	

COND = 1.000000e+00
alpha=1.000000e+00	
skipMatrixShift=0.000000e+00Norm=1.257587e+05
F:1
LHS=
5.030350e+05	1.236436e+05	-1.000000e+00	
1.236436e+05	5.728831e+04	-1.000000e+00	
1.000000e+00	1.000000e+00	0.000000e+00	

COND = 2.902573e+01
alpha=-2.119735e-01	1.211973e+00	
skipMatrixShift=0.000000e+00F:2
Norm=3.056643e+03
F:3
LHS=
5.030350e+05	1.236436e+05	8.525470e+04	-1.000000e+00	
1.236436e+05	5.728831e+04	4.651293e+04	-1.000000e+00	
8.525470e+04	4.651293e+04	3.913944e+04	-1.000000e+00	
1.000000e+00	1.000000e+00	1.000000e+00	0.000000e+00	

COND = 3.536118e+03
alpha=2.374733e-01	-4.332543e+00	5.095069e+00	
skipMatrixShift=0.000000e+00F:4
Norm=8.915408e+03
F:5
LHS=
5.030350e+05	1.236436e+05	8.525470e+04	5.362664e+04	-1.000000e+00	
1.236436e+05	5.728831e+04	4.651293e+04	3.212853e+04	-1.000000e+00	
8.525470e+04	4.651293e+04	3.913944e+04	2.818271e+04	-1.000000e+00	
5.362664e+04	3.212853e+04	2.818271e+04	2.206608e+04	-1.000000e+00	
1.000000e+00	1.000000e+00	1.000000e+00	1.000000e+00	0.000000e+00	

COND = 1.682705e+05
alpha=-7.105647e-01	1.233727e+01	-1.859276e+01	7.966061e+00	
skipMatrixShift=0.000000e+00F:6
Norm=1.514104e+04
F:7
LHS=
5.030350e+05	1.236436e+05	8.525470e+04	5.362664e+04	3.263653e+04	-1.000000e+00	
1.236436e+05	5.728831e+04	4.651293e+04	3.212853e+04	2.097029e+04	-1.000000e+00	
8.525470e+04	4.651293e+04	3.913944e+04	2.818271e+04	1.894471e+04	-1.000000e+00	
5.362664e+04	3.212853e+04	2.818271e+04	2.206608e+04	1.583294e+04	-1.000000e+00	
3.263653e+04	2.097029e+04	1.894471e+04	1.583294e+04	1.232119e+04	-1.000000e+00	
1.000000e+00	1.000000e+00	1.000000e+00	1.000000e+00	1.000000e+00	0.000000e+00	

COND = 1.595885e+06
alpha=1.167370e+00	-2.057931e+01	3.168885e+01	-1.764328e+01	6.366365e+00	
skipMatrixShift=0.000000e+00F:8
Norm=1.616968e+04
F:9
LHS=
5.728831e+04	4.651293e+04	3.212853e+04	2.097029e+04	1.402097e+04	-1.000000e+00	
4.651293e+04	3.913944e+04	2.818271e+04	1.894471e+04	1.282734e+04	-1.000000e+00	
3.212853e+04	2.818271e+04	2.206608e+04	1.583294e+04	1.117373e+04	-1.000000e+00	
2.097029e+04	1.894471e+04	1.583294e+04	1.232119e+04	9.307725e+03	-1.000000e+00	
1.402097e+04	1.282734e+04	1.117373e+04	9.307725e+03	7.567271e+03	-1.000000e+00	
1.000000e+00	1.000000e+00	1.000000e+00	1.000000e+00	1.000000e+00	0.000000e+00	

COND = 8.930066e+03
alpha=-3.063078e-01	1.984132e-01	1.393901e+00	-3.991977e+00	3.705971e+00	
skipMatrixShift=0.000000e+00F:10
Norm=1.277601e+04
F:11
LHS=
3.913944e+04	2.818271e+04	1.894471e+04	1.282734e+04	8.834423e+03	-1.000000e+00	
2.818271e+04	2.206608e+04	1.583294e+04	1.117373e+04	7.965584e+03	-1.000000e+00	
1.894471e+04	1.583294e+04	1.232119e+04	9.307725e+03	7.001232e+03	-1.000000e+00	
1.282734e+04	1.117373e+04	9.307725e+03	7.567271e+03	6.067543e+03	-1.000000e+00	
8.834423e+03	7.965584e+03	7.001232e+03	6.067543e+03	5.164552e+03	-1.000000e+00	
1.000000e+00	1.000000e+00	1.000000e+00	1.000000e+00	1.000000e+00	0.000000e+00	

COND = 4.713563e+04
alpha=4.895084e-01	-2.454335e+00	7.072899e+00	-1.120216e+01	7.094091e+00	
skipMatrixShift=0.000000e+00F:12
Norm=1.562157e+04
F:13
LHS=
2.206608e+04	1.583294e+04	1.117373e+04	7.965584e+03	5.406397e+03	-1.000000e+00	
1.583294e+04	1.232119e+04	9.307725e+03	7.001232e+03	4.941102e+03	-1.000000e+00	
1.117373e+04	9.307725e+03	7.567271e+03	6.067543e+03	4.484544e+03	-1.000000e+00	
7.965584e+03	7.001232e+03	6.067543e+03	5.164552e+03	4.018966e+03	-1.000000e+00	
5.406397e+03	4.941102e+03	4.484544e+03	4.018966e+03	3.347944e+03	-1.000000e+00	
1.000000e+00	1.000000e+00	1.000000e+00	1.000000e+00	1.000000e+00	0.000000e+00	

COND = 5.332813e+04
alpha=5.218526e-01	-2.899248e+00	6.484058e+00	-7.464360e+00	4.357697e+00	
skipMatrixShift=0.000000e+00F:14
Norm=1.041301e+04
F:15
LHS=
1.232119e+04	9.307725e+03	7.001232e+03	4.941102e+03	3.563100e+03	-1.000000e+00	
9.307725e+03	7.567271e+03	6.067543e+03	4.484544e+03	3.322634e+03	-1.000000e+00	
7.001232e+03	6.067543e+03	5.164552e+03	4.018966e+03	3.079061e+03	-1.000000e+00	
4.941102e+03	4.484544e+03	4.018966e+03	3.347944e+03	2.717970e+03	-1.000000e+00	
3.563100e+03	3.322634e+03	3.079061e+03	2.717970e+03	2.347122e+03	-1.000000e+00	
1.000000e+00	1.000000e+00	1.000000e+00	1.000000e+00	1.000000e+00	0.000000e+00	

COND = 2.606763e+04
alpha=3.479978e-01	-1.598788e+00	3.381971e+00	-5.329951e+00	4.198770e+00	
skipMatrixShift=0.000000e+00F:16
Norm=6.905120e+03
F:17
LHS=
7.567271e+03	6.067543e+03	4.484544e+03	3.322634e+03	2.506508e+03	-1.000000e+00	
6.067543e+03	5.164552e+03	4.018966e+03	3.079061e+03	2.390539e+03	-1.000000e+00	
4.484544e+03	4.018966e+03	3.347944e+03	2.717970e+03	2.204041e+03	-1.000000e+00	
3.322634e+03	3.079061e+03	2.717970e+03	2.347122e+03	2.002760e+03	-1.000000e+00	
2.506508e+03	2.390539e+03	2.204041e+03	2.002760e+03	1.790730e+03	-1.000000e+00	
1.000000e+00	1.000000e+00	1.000000e+00	1.000000e+00	1.000000e+00	0.000000e+00	

COND = 7.099539e+04
alpha=1.742034e+00	-6.404879e+00	1.351599e+01	-1.732737e+01	9.474232e+00	
skipMatrixShift=0.000000e+00F:18
Norm=1.038097e+04
F:19
LHS=
5.164552e+03	4.018966e+03	3.079061e+03	2.390539e+03	1.746526e+03	-1.000000e+00	
4.018966e+03	3.347944e+03	2.717970e+03	2.204041e+03	1.654137e+03	-1.000000e+00	
3.079061e+03	2.717970e+03	2.347122e+03	2.002760e+03	1.553978e+03	-1.000000e+00	
2.390539e+03	2.204041e+03	2.002760e+03	1.790730e+03	1.440553e+03	-1.000000e+00	
1.746526e+03	1.654137e+03	1.553978e+03	1.440553e+03	1.221465e+03	-1.000000e+00	
1.000000e+00	1.000000e+00	1.000000e+00	1.000000e+00	1.000000e+00	0.000000e+00	

COND = 2.254796e+04
alpha=7.657586e-02	-6.978293e-01	2.366642e+00	-4.305328e+00	3.559940e+00	
skipMatrixShift=0.000000e+00F:20
Norm=7.808345e+03
F:21
LHS=
3.347944e+03	2.717970e+03	2.204041e+03	1.654137e+03	1.226243e+03	-1.000000e+00	
2.717970e+03	2.347122e+03	2.002760e+03	1.553978e+03	1.178616e+03	-1.000000e+00	
2.204041e+03	2.002760e+03	1.790730e+03	1.440553e+03	1.121521e+03	-1.000000e+00	
1.654137e+03	1.553978e+03	1.440553e+03	1.221465e+03	1.000876e+03	-1.000000e+00	
1.226243e+03	1.178616e+03	1.121521e+03	1.000876e+03	8.662254e+02	-1.000000e+00	
1.000000e+00	1.000000e+00	1.000000e+00	1.000000e+00	1.000000e+00	0.000000e+00	

COND = 2.914490e+04
alpha=6.431250e-01	-2.806842e+00	6.586020e+00	-1.002991e+01	6.607610e+00	
skipMatrixShift=0.000000e+00F:22
Norm=6.759936e+03
F:23
LHS=
2.347122e+03	2.002760e+03	1.553978e+03	1.178616e+03	8.779790e+02	-1.000000e+00	
2.002760e+03	1.790730e+03	1.440553e+03	1.121521e+03	8.441504e+02	-1.000000e+00	
1.553978e+03	1.440553e+03	1.221465e+03	1.000876e+03	7.776869e+02	-1.000000e+00	
1.178616e+03	1.121521e+03	1.000876e+03	8.662254e+02	7.030498e+02	-1.000000e+00	
8.779790e+02	8.441504e+02	7.776869e+02	7.030498e+02	6.038876e+02	-1.000000e+00	
1.000000e+00	1.000000e+00	1.000000e+00	1.000000e+00	1.000000e+00	0.000000e+00	

COND = 5.654447e+04
alpha=6.419223e-01	-3.744016e+00	7.954314e+00	-8.558039e+00	4.705819e+00	
skipMatrixShift=0.000000e+00F:24
Norm=5.108280e+03
F:25
LHS=
1.790730e+03	1.440553e+03	1.121521e+03	8.441504e+02	6.288443e+02	-1.000000e+00	
1.440553e+03	1.221465e+03	1.000876e+03	7.776869e+02	5.957047e+02	-1.000000e+00	
1.121521e+03	1.000876e+03	8.662254e+02	7.030498e+02	5.586230e+02	-1.000000e+00	
8.441504e+02	7.776869e+02	7.030498e+02	6.038876e+02	5.057485e+02	-1.000000e+00	
6.288443e+02	5.957047e+02	5.586230e+02	5.057485e+02	4.467256e+02	-1.000000e+00	
1.000000e+00	1.000000e+00	1.000000e+00	1.000000e+00	1.000000e+00	0.000000e+00	

COND = 4.048241e+04
alpha=9.950310e-01	-3.127836e+00	5.976066e+00	-8.700041e+00	5.856780e+00	
skipMatrixShift=0.000000e+00F:26
Norm=3.868702e+03
F:27
LHS=
1.221465e+03	1.000876e+03	7.776869e+02	5.957047e+02	4.557778e+02	-1.000000e+00	
1.000876e+03	8.662254e+02	7.030498e+02	5.586230e+02	4.357078e+02	-1.000000e+00	
7.776869e+02	7.030498e+02	6.038876e+02	5.057485e+02	4.085904e+02	-1.000000e+00	
5.957047e+02	5.586230e+02	5.057485e+02	4.467256e+02	3.769463e+02	-1.000000e+00	
4.557778e+02	4.357078e+02	4.085904e+02	3.769463e+02	3.344190e+02	-1.000000e+00	
1.000000e+00	1.000000e+00	1.000000e+00	1.000000e+00	1.000000e+00	0.000000e+00	

COND = 3.256227e+04
alpha=1.789937e-02	-1.746611e+00	5.690695e+00	-7.880199e+00	4.918216e+00	
skipMatrixShift=0.000000e+00F:28
Norm=2.705373e+03
F:29
LHS=
8.662254e+02	7.030498e+02	5.586230e+02	4.357078e+02	3.432010e+02	-1.000000e+00	
7.030498e+02	6.038876e+02	5.057485e+02	4.085904e+02	3.295769e+02	-1.000000e+00	
5.586230e+02	5.057485e+02	4.467256e+02	3.769463e+02	3.131133e+02	-1.000000e+00	
4.357078e+02	4.085904e+02	3.769463e+02	3.344190e+02	2.897788e+02	-1.000000e+00	
3.432010e+02	3.295769e+02	3.131133e+02	2.897788e+02	2.626051e+02	-1.000000e+00	
1.000000e+00	1.000000e+00	1.000000e+00	1.000000e+00	1.000000e+00	0.000000e+00	

COND = 1.499217e+05
alpha=4.010302e+00	-1.308072e+01	1.876228e+01	-1.711209e+01	8.420228e+00	
skipMatrixShift=0.000000e+00F:30
Norm=2.873183e+03
F:31
LHS=
6.038876e+02	5.057485e+02	4.085904e+02	3.295769e+02	2.601697e+02	-1.000000e+00	
5.057485e+02	4.467256e+02	3.769463e+02	3.131133e+02	2.513141e+02	-1.000000e+00	
4.085904e+02	3.769463e+02	3.344190e+02	2.897788e+02	2.393500e+02	-1.000000e+00	
3.295769e+02	3.131133e+02	2.897788e+02	2.626051e+02	2.249485e+02	-1.000000e+00	
2.601697e+02	2.513141e+02	2.393500e+02	2.249485e+02	2.021004e+02	-1.000000e+00	
1.000000e+00	1.000000e+00	1.000000e+00	1.000000e+00	1.000000e+00	0.000000e+00	

COND = 1.624866e+04
alpha=-3.531622e-02	-3.389744e-01	1.788344e+00	-3.870998e+00	3.456945e+00	
skipMatrixShift=0.000000e+00F:32
Norm=1.876925e+03
F:33
LHS=
4.467256e+02	3.769463e+02	3.131133e+02	2.513141e+02	2.066187e+02	-1.000000e+00	
3.769463e+02	3.344190e+02	2.897788e+02	2.393500e+02	2.005016e+02	-1.000000e+00	
3.131133e+02	2.897788e+02	2.626051e+02	2.249485e+02	1.931263e+02	-1.000000e+00	
2.513141e+02	2.393500e+02	2.249485e+02	2.021004e+02	1.806437e+02	-1.000000e+00	
2.066187e+02	2.005016e+02	1.931263e+02	1.806437e+02	1.674421e+02	-1.000000e+00	
1.000000e+00	1.000000e+00	1.000000e+00	1.000000e+00	1.000000e+00	0.000000e+00	

COND = 6.349781e+04
alpha=1.028262e+00	-4.851111e+00	1.221693e+01	-1.800798e+01	1.061389e+01	
skipMatrixShift=0.000000e+00F:34
Norm=2.718180e+03
F:35
LHS=
3.344190e+02	2.897788e+02	2.393500e+02	2.005016e+02	1.612673e+02	-1.000000e+00	
2.897788e+02	2.626051e+02	2.249485e+02	1.931263e+02	1.575779e+02	-1.000000e+00	
2.393500e+02	2.249485e+02	2.021004e+02	1.806437e+02	1.514688e+02	-1.000000e+00	
2.005016e+02	1.931263e+02	1.806437e+02	1.674421e+02	1.447078e+02	-1.000000e+00	
1.612673e+02	1.575779e+02	1.514688e+02	1.447078e+02	1.310989e+02	-1.000000e+00	
1.000000e+00	1.000000e+00	1.000000e+00	1.000000e+00	1.000000e+00	0.000000e+00	

COND = 1.341114e+05
alpha=1.416376e+00	-6.649068e+00	1.258681e+01	-1.095340e+01	4.599281e+00	
skipMatrixShift=0.000000e+00F:36
Norm=1.595237e+03
F:37
LHS=
2.626051e+02	2.249485e+02	1.931263e+02	1.575779e+02	1.317493e+02	-1.000000e+00	
2.249485e+02	2.021004e+02	1.806437e+02	1.514688e+02	1.286560e+02	-1.000000e+00	
1.931263e+02	1.806437e+02	1.674421e+02	1.447078e+02	1.252510e+02	-1.000000e+00	
1.575779e+02	1.514688e+02	1.447078e+02	1.310989e+02	1.177495e+02	-1.000000e+00	
1.317493e+02	1.286560e+02	1.252510e+02	1.177495e+02	1.094335e+02	-1.000000e+00	
1.000000e+00	1.000000e+00	1.000000e+00	1.000000e+00	1.000000e+00	0.000000e+00	

COND = 2.682158e+04
alpha=2.047481e-01	-1.071228e+00	3.249159e+00	-6.470926e+00	5.088247e+00	
skipMatrixShift=0.000000e+00F:38
Norm=1.188667e+03
stateCheck: error =1.188667e+03 < 1.000000e-02 * 1.257587e+05
NormError: 1.729910e-01
F:39
LHS=
2.021004e+02	1.806437e+02	1.514688e+02	1.286560e+02	1.097459e+02	-1.000000e+00	
1.806437e+02	1.674421e+02	1.447078e+02	1.252510e+02	1.080435e+02	-1.000000e+00	
1.514688e+02	1.447078e+02	1.310989e+02	1.177495e+02	1.041193e+02	-1.000000e+00	
1.286560e+02	1.252510e+02	1.177495e+02	1.094335e+02	9.952505e+01	-1.000000e+00	
1.097459e+02	1.080435e+02	1.041193e+02	9.952505e+01	9.324813e+01	-1.000000e+00	
1.000000e+00	1.000000e+00	1.000000e+00	1.000000e+00	1.000000e+00	0.000000e+00	

COND = 6.460225e+04
alpha=9.319948e-01	-4.935639e+00	1.229690e+01	-1.501405e+01	7.720795e+00	
skipMatrixShift=0.000000e+00F:40
Norm=1.256046e+03
F:41
LHS=
1.674421e+02	1.447078e+02	1.252510e+02	1.080435e+02	9.158149e+01	-1.000000e+00	
1.447078e+02	1.310989e+02	1.177495e+02	1.041193e+02	8.959551e+01	-1.000000e+00	
1.252510e+02	1.177495e+02	1.094335e+02	9.952505e+01	8.726694e+01	-1.000000e+00	
1.080435e+02	1.041193e+02	9.952505e+01	9.324813e+01	8.393864e+01	-1.000000e+00	
9.158149e+01	8.959551e+01	8.726694e+01	8.393864e+01	7.838864e+01	-1.000000e+00	
1.000000e+00	1.000000e+00	1.000000e+00	1.000000e+00	1.000000e+00	0.000000e+00	

COND = 1.020990e+05
alpha=1.202703e+00	-4.684912e+00	7.517826e+00	-7.198550e+00	4.162932e+00	
skipMatrixShift=0.000000e+00F:42
Norm=6.879975e+02
F:43
LHS=
1.310989e+02	1.177495e+02	1.041193e+02	8.959551e+01	7.910753e+01	-1.000000e+00	
1.177495e+02	1.094335e+02	9.952505e+01	8.726694e+01	7.788854e+01	-1.000000e+00	
1.041193e+02	9.952505e+01	9.324813e+01	8.393864e+01	7.617118e+01	-1.000000e+00	
8.959551e+01	8.726694e+01	8.393864e+01	7.838864e+01	7.312509e+01	-1.000000e+00	
7.910753e+01	7.788854e+01	7.617118e+01	7.312509e+01	6.985796e+01	-1.000000e+00	
1.000000e+00	1.000000e+00	1.000000e+00	1.000000e+00	1.000000e+00	0.000000e+00	

COND = 2.966217e+04
alpha=2.340814e-01	-1.311208e+00	4.060084e+00	-7.621607e+00	5.638650e+00	
skipMatrixShift=0.000000e+00F:44
Norm=5.367583e+02
F:45
LHS=
1.094335e+02	9.952505e+01	8.726694e+01	7.788854e+01	7.010758e+01	-1.000000e+00	
9.952505e+01	9.324813e+01	8.393864e+01	7.617118e+01	6.919232e+01	-1.000000e+00	
8.726694e+01	8.393864e+01	7.838864e+01	7.312509e+01	6.760951e+01	-1.000000e+00	
7.788854e+01	7.617118e+01	7.312509e+01	6.985796e+01	6.582997e+01	-1.000000e+00	
7.010758e+01	6.919232e+01	6.760951e+01	6.582997e+01	6.330298e+01	-1.000000e+00	
1.000000e+00	1.000000e+00	1.000000e+00	1.000000e+00	1.000000e+00	0.000000e+00	

COND = 1.378977e+05
alpha=1.240233e+00	-7.180027e+00	1.737636e+01	-1.932659e+01	8.890027e+00	
skipMatrixShift=0.000000e+00F:46
Norm=6.898492e+02
F:47
LHS=
9.324813e+01	8.393864e+01	7.617118e+01	6.919232e+01	6.243216e+01	-1.000000e+00	
8.393864e+01	7.838864e+01	7.312509e+01	6.760951e+01	6.162824e+01	-1.000000e+00	
7.617118e+01	7.312509e+01	6.985796e+01	6.582997e+01	6.073427e+01	-1.000000e+00	
6.919232e+01	6.760951e+01	6.582997e+01	6.330298e+01	5.937227e+01	-1.000000e+00	
6.243216e+01	6.162824e+01	6.073427e+01	5.937227e+01	5.694831e+01	-1.000000e+00	
1.000000e+00	1.000000e+00	1.000000e+00	1.000000e+00	1.000000e+00	0.000000e+00	

COND = 1.285855e+05
alpha=4.381462e-01	-1.796812e+00	3.400689e+00	-4.657569e+00	3.615546e+00	
skipMatrixShift=0.000000e+00F:48
Norm=4.768046e+02
F:49
LHS=
7.838864e+01	7.312509e+01	6.760951e+01	6.162824e+01	5.717111e+01	-1.000000e+00	
7.312509e+01	6.985796e+01	6.582997e+01	6.073427e+01	5.671081e+01	-1.000000e+00	
6.760951e+01	6.582997e+01	6.330298e+01	5.937227e+01	5.598948e+01	-1.000000e+00	
6.162824e+01	6.073427e+01	5.937227e+01	5.694831e+01	5.460976e+01	-1.000000e+00	
5.717111e+01	5.671081e+01	5.598948e+01	5.460976e+01	5.311761e+01	-1.000000e+00	
1.000000e+00	1.000000e+00	1.000000e+00	1.000000e+00	1.000000e+00	0.000000e+00	

COND = 5.156106e+04
alpha=3.597140e-01	-1.921891e+00	5.776187e+00	-1.017791e+01	6.963905e+00	
skipMatrixShift=0.000000e+00F:50
Norm=5.838781e+02
F:51
LHS=
6.985796e+01	6.582997e+01	6.073427e+01	5.671081e+01	5.289357e+01	-1.000000e+00	
6.582997e+01	6.330298e+01	5.937227e+01	5.598948e+01	5.249473e+01	-1.000000e+00	
6.073427e+01	5.937227e+01	5.694831e+01	5.460976e+01	5.176712e+01	-1.000000e+00	
5.671081e+01	5.598948e+01	5.460976e+01	5.311761e+01	5.096220e+01	-1.000000e+00	
5.289357e+01	5.249473e+01	5.176712e+01	5.096220e+01	4.964408e+01	-1.000000e+00	
1.000000e+00	1.000000e+00	1.000000e+00	1.000000e+00	1.000000e+00	0.000000e+00	

COND = 2.865862e+05
alpha=1.701472e+00	-9.121089e+00	1.951245e+01	-1.846958e+01	7.376741e+00	
skipMatrixShift=0.000000e+00F:52
Norm=5.686622e+02
F:53
LHS=
6.330298e+01	5.937227e+01	5.598948e+01	5.249473e+01	4.940653e+01	-1.000000e+00	
5.937227e+01	5.694831e+01	5.460976e+01	5.176712e+01	4.899945e+01	-1.000000e+00	
5.598948e+01	5.460976e+01	5.311761e+01	5.096220e+01	4.857789e+01	-1.000000e+00	
5.249473e+01	5.176712e+01	5.096220e+01	4.964408e+01	4.786696e+01	-1.000000e+00	
4.940653e+01	4.899945e+01	4.857789e+01	4.786696e+01	4.675246e+01	-1.000000e+00	
1.000000e+00	1.000000e+00	1.000000e+00	1.000000e+00	1.000000e+00	0.000000e+00	

COND = 1.306394e+05
alpha=3.421587e-01	-1.667131e+00	3.578188e+00	-5.398917e+00	4.145700e+00	
skipMatrixShift=0.000000e+00F:54
Norm=4.487876e+02
F:55
LHS=
5.694831e+01	5.460976e+01	5.176712e+01	4.899945e+01	4.669728e+01	-1.000000e+00	
5.460976e+01	5.311761e+01	5.096220e+01	4.857789e+01	4.646523e+01	-1.000000e+00	
5.176712e+01	5.096220e+01	4.964408e+01	4.786696e+01	4.609858e+01	-1.000000e+00	
4.899945e+01	4.857789e+01	4.786696e+01	4.675246e+01	4.546702e+01	-1.000000e+00	
4.669728e+01	4.646523e+01	4.609858e+01	4.546702e+01	4.460648e+01	-1.000000e+00	
1.000000e+00	1.000000e+00	1.000000e+00	1.000000e+00	1.000000e+00	0.000000e+00	

COND = 9.706444e+04
alpha=5.595159e-01	-3.574358e+00	1.096016e+01	-1.680802e+01	9.862708e+00	
skipMatrixShift=0.000000e+00F:56
Norm=9.197632e+02
F:57
LHS=
5.311761e+01	5.096220e+01	4.857789e+01	4.646523e+01	4.364889e+01	-1.000000e+00	
5.096220e+01	4.964408e+01	4.786696e+01	4.609858e+01	4.347281e+01	-1.000000e+00	
4.857789e+01	4.786696e+01	4.675246e+01	4.546702e+01	4.317037e+01	-1.000000e+00	
4.646523e+01	4.609858e+01	4.546702e+01	4.460648e+01	4.271540e+01	-1.000000e+00	
4.364889e+01	4.347281e+01	4.317037e+01	4.271540e+01	4.151023e+01	-1.000000e+00	
1.000000e+00	1.000000e+00	1.000000e+00	1.000000e+00	1.000000e+00	0.000000e+00	

COND = 4.349771e+05
alpha=3.008447e+00	-1.366457e+01	2.488356e+01	-2.011955e+01	6.892118e+00	
skipMatrixShift=0.000000e+00F:58
Norm=9.240487e+02
F:59
LHS=
4.964408e+01	4.786696e+01	4.609858e+01	4.347281e+01	4.075463e+01	-1.000000e+00	
4.786696e+01	4.675246e+01	4.546702e+01	4.317037e+01	4.062074e+01	-1.000000e+00	
4.609858e+01	4.546702e+01	4.460648e+01	4.271540e+01	4.040790e+01	-1.000000e+00	
4.347281e+01	4.317037e+01	4.271540e+01	4.151023e+01	3.974916e+01	-1.000000e+00	
4.075463e+01	4.062074e+01	4.040790e+01	3.974916e+01	3.864047e+01	-1.000000e+00	
1.000000e+00	1.000000e+00	1.000000e+00	1.000000e+00	1.000000e+00	0.000000e+00	

COND = 8.987648e+04
alpha=-4.865557e-02	-1.370558e-01	1.573240e+00	-4.167669e+00	3.780140e+00	
skipMatrixShift=0.000000e+00F:60
Norm=6.069000e+02
F:61
LHS=
4.675246e+01	4.546702e+01	4.317037e+01	4.062074e+01	3.846833e+01	-1.000000e+00	
4.546702e+01	4.460648e+01	4.271540e+01	4.040790e+01	3.837744e+01	-1.000000e+00	
4.317037e+01	4.271540e+01	4.151023e+01	3.974916e+01	3.803286e+01	-1.000000e+00	
4.062074e+01	4.040790e+01	3.974916e+01	3.864047e+01	3.740268e+01	-1.000000e+00	
3.846833e+01	3.837744e+01	3.803286e+01	3.740268e+01	3.657408e+01	-1.000000e+00	
1.000000e+00	1.000000e+00	1.000000e+00	1.000000e+00	1.000000e+00	0.000000e+00	

COND = 1.282346e+05
alpha=1.681421e+00	-7.362558e+00	1.849132e+01	-2.595513e+01	1.414495e+01	
skipMatrixShift=0.000000e+00F:62
Norm=1.329791e+03
F:63
LHS=
4.460648e+01	4.271540e+01	4.040790e+01	3.837744e+01	3.513432e+01	-1.000000e+00	
4.271540e+01	4.151023e+01	3.974916e+01	3.803286e+01	3.495737e+01	-1.000000e+00	
4.040790e+01	3.974916e+01	3.864047e+01	3.740268e+01	3.465681e+01	-1.000000e+00	
3.837744e+01	3.803286e+01	3.740268e+01	3.657408e+01	3.422720e+01	-1.000000e+00	
3.513432e+01	3.495737e+01	3.465681e+01	3.422720e+01	3.275614e+01	-1.000000e+00	
1.000000e+00	1.000000e+00	1.000000e+00	1.000000e+00	1.000000e+00	0.000000e+00	

COND = 3.818043e+05
alpha=2.203718e+00	-9.630461e+00	1.690340e+01	-1.310040e+01	4.623743e+00	
skipMatrixShift=0.000000e+00F:64
Norm=8.787085e+02
F:65
LHS=
4.151023e+01	3.974916e+01	3.803286e+01	3.495737e+01	3.229480e+01	-1.000000e+00	
3.974916e+01	3.864047e+01	3.740268e+01	3.465681e+01	3.215176e+01	-1.000000e+00	
3.803286e+01	3.740268e+01	3.657408e+01	3.422720e+01	3.194383e+01	-1.000000e+00	
3.495737e+01	3.465681e+01	3.422720e+01	3.275614e+01	3.112049e+01	-1.000000e+00	
3.229480e+01	3.215176e+01	3.194383e+01	3.112049e+01	3.008626e+01	-1.000000e+00	
1.000000e+00	1.000000e+00	1.000000e+00	1.000000e+00	1.000000e+00	0.000000e+00	

COND = 6.406137e+04
alpha=-5.096592e-03	-4.669011e-01	2.531452e+00	-5.821883e+00	4.762429e+00	
skipMatrixShift=0.000000e+00F:66
Norm=6.160470e+02
F:67
LHS=
3.864047e+01	3.740268e+01	3.465681e+01	3.215176e+01	2.996024e+01	-1.000000e+00	
3.740268e+01	3.657408e+01	3.422720e+01	3.194383e+01	2.986036e+01	-1.000000e+00	
3.465681e+01	3.422720e+01	3.275614e+01	3.112049e+01	2.942409e+01	-1.000000e+00	
3.215176e+01	3.194383e+01	3.112049e+01	3.008626e+01	2.884575e+01	-1.000000e+00	
2.996024e+01	2.986036e+01	2.942409e+01	2.884575e+01	2.804023e+01	-1.000000e+00	
1.000000e+00	1.000000e+00	1.000000e+00	1.000000e+00	1.000000e+00	0.000000e+00	

COND = 1.502161e+05
alpha=1.702856e+00	-8.579576e+00	2.100195e+01	-2.508526e+01	1.196003e+01	
skipMatrixShift=0.000000e+00F:68
Norm=1.009657e+03
F:69
LHS=
3.657408e+01	3.422720e+01	3.194383e+01	2.986036e+01	2.722969e+01	-1.000000e+00	
3.422720e+01	3.275614e+01	3.112049e+01	2.942409e+01	2.699902e+01	-1.000000e+00	
3.194383e+01	3.112049e+01	3.008626e+01	2.884575e+01	2.670797e+01	-1.000000e+00	
2.986036e+01	2.942409e+01	2.884575e+01	2.804023e+01	2.627962e+01	-1.000000e+00	
2.722969e+01	2.699902e+01	2.670797e+01	2.627962e+01	2.517633e+01	-1.000000e+00	
1.000000e+00	1.000000e+00	1.000000e+00	1.000000e+00	1.000000e+00	0.000000e+00	

COND = 2.651049e+05
alpha=1.594229e+00	-6.120837e+00	9.528345e+00	-8.070432e+00	4.068695e+00	
skipMatrixShift=0.000000e+00F:70
Norm=6.463734e+02
F:71
LHS=
3.275614e+01	3.112049e+01	2.942409e+01	2.699902e+01	2.501242e+01	-1.000000e+00	
3.112049e+01	3.008626e+01	2.884575e+01	2.670797e+01	2.486396e+01	-1.000000e+00	
2.942409e+01	2.884575e+01	2.804023e+01	2.627962e+01	2.464748e+01	-1.000000e+00	
2.699902e+01	2.670797e+01	2.627962e+01	2.517633e+01	2.401980e+01	-1.000000e+00	
2.501242e+01	2.486396e+01	2.464748e+01	2.401980e+01	2.328153e+01	-1.000000e+00	
1.000000e+00	1.000000e+00	1.000000e+00	1.000000e+00	1.000000e+00	0.000000e+00	

COND = 3.934310e+04
alpha=3.450215e-02	-6.195019e-01	3.050679e+00	-6.750015e+00	5.284336e+00	
skipMatrixShift=0.000000e+00F:72
Norm=5.127111e+02
F:73
LHS=
3.008626e+01	2.884575e+01	2.670797e+01	2.486396e+01	2.321417e+01	-1.000000e+00	
2.884575e+01	2.804023e+01	2.627962e+01	2.464748e+01	2.310533e+01	-1.000000e+00	
2.670797e+01	2.627962e+01	2.517633e+01	2.401980e+01	2.277064e+01	-1.000000e+00	
2.486396e+01	2.464748e+01	2.401980e+01	2.328153e+01	2.236484e+01	-1.000000e+00	
2.321417e+01	2.310533e+01	2.277064e+01	2.236484e+01	2.179771e+01	-1.000000e+00	
1.000000e+00	1.000000e+00	1.000000e+00	1.000000e+00	1.000000e+00	0.000000e+00	

COND = 2.457369e+05
alpha=1.956206e+00	-1.033710e+01	2.376637e+01	-2.521889e+01	1.083341e+01	
skipMatrixShift=0.000000e+00F:74
Norm=6.377304e+02
F:75
LHS=
2.804023e+01	2.627962e+01	2.464748e+01	2.310533e+01	2.150501e+01	-1.000000e+00	
2.627962e+01	2.517633e+01	2.401980e+01	2.277064e+01	2.132152e+01	-1.000000e+00	
2.464748e+01	2.401980e+01	2.328153e+01	2.236484e+01	2.111315e+01	-1.000000e+00	
2.310533e+01	2.277064e+01	2.236484e+01	2.179771e+01	2.081274e+01	-1.000000e+00	
2.150501e+01	2.132152e+01	2.111315e+01	2.081274e+01	2.019188e+01	-1.000000e+00	
1.000000e+00	1.000000e+00	1.000000e+00	1.000000e+00	1.000000e+00	0.000000e+00	

COND = 2.070799e+05
alpha=7.675239e-01	-3.093573e+00	5.254056e+00	-5.835389e+00	3.907382e+00	
skipMatrixShift=0.000000e+00F:76
Norm=4.644355e+02
F:77
LHS=
2.517633e+01	2.401980e+01	2.277064e+01	2.132152e+01	2.011643e+01	-1.000000e+00	
2.401980e+01	2.328153e+01	2.236484e+01	2.111315e+01	2.000534e+01	-1.000000e+00	
2.277064e+01	2.236484e+01	2.179771e+01	2.081274e+01	1.985302e+01	-1.000000e+00	
2.132152e+01	2.111315e+01	2.081274e+01	2.019188e+01	1.949616e+01	-1.000000e+00	
2.011643e+01	2.000534e+01	1.985302e+01	1.949616e+01	1.902834e+01	-1.000000e+00	
1.000000e+00	1.000000e+00	1.000000e+00	1.000000e+00	1.000000e+00	0.000000e+00	

COND = 5.905662e+04
alpha=2.624437e-01	-2.146639e+00	7.749750e+00	-1.360016e+01	8.734603e+00	
skipMatrixShift=0.000000e+00F:78
Norm=7.748762e+02
F:79
LHS=
2.328153e+01	2.236484e+01	2.111315e+01	2.000534e+01	1.858918e+01	-1.000000e+00	
2.236484e+01	2.179771e+01	2.081274e+01	1.985302e+01	1.851226e+01	-1.000000e+00	
2.111315e+01	2.081274e+01	2.019188e+01	1.949616e+01	1.833754e+01	-1.000000e+00	
2.000534e+01	1.985302e+01	1.949616e+01	1.902834e+01	1.808991e+01	-1.000000e+00	
1.858918e+01	1.851226e+01	1.833754e+01	1.808991e+01	1.750172e+01	-1.000000e+00	
1.000000e+00	1.000000e+00	1.000000e+00	1.000000e+00	1.000000e+00	0.000000e+00	

COND = 4.344926e+05
alpha=3.193503e+00	-1.651891e+01	3.335682e+01	-2.806152e+01	9.030106e+00	
skipMatrixShift=0.000000e+00F:80
Norm=8.176072e+02
F:81
LHS=
2.179771e+01	2.081274e+01	1.985302e+01	1.851226e+01	1.707685e+01	-1.000000e+00	
2.081274e+01	2.019188e+01	1.949616e+01	1.833754e+01	1.698743e+01	-1.000000e+00	
1.985302e+01	1.949616e+01	1.902834e+01	1.808991e+01	1.686530e+01	-1.000000e+00	
1.851226e+01	1.833754e+01	1.808991e+01	1.750172e+01	1.654640e+01	-1.000000e+00	
1.707685e+01	1.698743e+01	1.686530e+01	1.654640e+01	1.593381e+01	-1.000000e+00	
1.000000e+00	1.000000e+00	1.000000e+00	1.000000e+00	1.000000e+00	0.000000e+00	

COND = 1.222427e+05
alpha=-8.991893e-02	-2.864679e-01	1.952609e+00	-4.441883e+00	3.865661e+00	
skipMatrixShift=0.000000e+00F:82
Norm=6.119023e+02
F:83
LHS=
2.019188e+01	1.949616e+01	1.833754e+01	1.698743e+01	1.579559e+01	-1.000000e+00	
1.949616e+01	1.902834e+01	1.808991e+01	1.686530e+01	1.573612e+01	-1.000000e+00	
1.833754e+01	1.808991e+01	1.750172e+01	1.654640e+01	1.557250e+01	-1.000000e+00	
1.698743e+01	1.686530e+01	1.654640e+01	1.593381e+01	1.521655e+01	-1.000000e+00	
1.579559e+01	1.573612e+01	1.557250e+01	1.521655e+01	1.472469e+01	-1.000000e+00	
1.000000e+00	1.000000e+00	1.000000e+00	1.000000e+00	1.000000e+00	0.000000e+00	

COND = 7.096595e+04
alpha=9.546842e-01	-4.642190e+00	1.345343e+01	-2.079244e+01	1.202652e+01	
skipMatrixShift=0.000000e+00F:84
Norm=1.464722e+03
F:85
LHS=
1.902834e+01	1.808991e+01	1.686530e+01	1.573612e+01	1.394774e+01	-1.000000e+00	
1.808991e+01	1.750172e+01	1.654640e+01	1.557250e+01	1.387394e+01	-1.000000e+00	
1.686530e+01	1.654640e+01	1.593381e+01	1.521655e+01	1.370894e+01	-1.000000e+00	
1.573612e+01	1.557250e+01	1.521655e+01	1.472469e+01	1.345509e+01	-1.000000e+00	
1.394774e+01	1.387394e+01	1.370894e+01	1.345509e+01	1.267638e+01	-1.000000e+00	
1.000000e+00	1.000000e+00	1.000000e+00	1.000000e+00	1.000000e+00	0.000000e+00	

COND = 3.489222e+05
alpha=2.764677e+00	-1.260184e+01	2.282564e+01	-1.755193e+01	5.563456e+00	
skipMatrixShift=0.000000e+00F:86
Norm=8.626570e+02
F:87
LHS=
1.750172e+01	1.654640e+01	1.557250e+01	1.387394e+01	1.243393e+01	-1.000000e+00	
1.654640e+01	1.593381e+01	1.521655e+01	1.370894e+01	1.236014e+01	-1.000000e+00	
1.557250e+01	1.521655e+01	1.472469e+01	1.345509e+01	1.223752e+01	-1.000000e+00	
1.387394e+01	1.370894e+01	1.345509e+01	1.267638e+01	1.180645e+01	-1.000000e+00	
1.243393e+01	1.236014e+01	1.223752e+01	1.180645e+01	1.126872e+01	-1.000000e+00	
1.000000e+00	1.000000e+00	1.000000e+00	1.000000e+00	1.000000e+00	0.000000e+00	

COND = 5.963163e+04
alpha=-1.225380e-01	1.575157e-01	1.065259e+00	-3.850467e+00	3.750231e+00	
skipMatrixShift=0.000000e+00F:88
Norm=4.449681e+02
F:89
LHS=
1.593381e+01	1.521655e+01	1.370894e+01	1.236014e+01	1.131109e+01	-1.000000e+00	
1.521655e+01	1.472469e+01	1.345509e+01	1.223752e+01	1.125383e+01	-1.000000e+00	
1.370894e+01	1.345509e+01	1.267638e+01	1.180645e+01	1.102187e+01	-1.000000e+00	
1.236014e+01	1.223752e+01	1.180645e+01	1.126872e+01	1.071974e+01	-1.000000e+00	
1.131109e+01	1.125383e+01	1.102187e+01	1.071974e+01	1.036499e+01	-1.000000e+00	
1.000000e+00	1.000000e+00	1.000000e+00	1.000000e+00	1.000000e+00	0.000000e+00	

COND = 1.124851e+05
alpha=1.307010e+00	-6.498302e+00	1.835407e+01	-2.607303e+01	1.391025e+01	
skipMatrixShift=0.000000e+00F:90
Norm=6.978667e+02
F:91
LHS=
1.472469e+01	1.345509e+01	1.223752e+01	1.125383e+01	9.949215e+00	-1.000000e+00	
1.345509e+01	1.267638e+01	1.180645e+01	1.102187e+01	9.822697e+00	-1.000000e+00	
1.223752e+01	1.180645e+01	1.126872e+01	1.071974e+01	9.674755e+00	-1.000000e+00	
1.125383e+01	1.102187e+01	1.071974e+01	1.036499e+01	9.493768e+00	-1.000000e+00	
9.949215e+00	9.822697e+00	9.674755e+00	9.493768e+00	8.961865e+00	-1.000000e+00	
1.000000e+00	1.000000e+00	1.000000e+00	1.000000e+00	1.000000e+00	0.000000e+00	

COND = 3.568526e+05
alpha=2.124287e+00	-9.709929e+00	1.681380e+01	-1.273437e+01	4.506207e+00	
skipMatrixShift=0.000000e+00F:92
Norm=4.056066e+02
F:93
LHS=
1.267638e+01	1.180645e+01	1.102187e+01	9.822697e+00	8.872423e+00	-1.000000e+00	
1.180645e+01	1.126872e+01	1.071974e+01	9.674755e+00	8.796749e+00	-1.000000e+00	
1.102187e+01	1.071974e+01	1.036499e+01	9.493768e+00	8.708830e+00	-1.000000e+00	
9.822697e+00	9.674755e+00	9.493768e+00	8.961865e+00	8.411194e+00	-1.000000e+00	
8.872423e+00	8.796749e+00	8.708830e+00	8.411194e+00	8.058802e+00	-1.000000e+00	
1.000000e+00	1.000000e+00	1.000000e+00	1.000000e+00	1.000000e+00	0.000000e+00	

COND = 3.607791e+04
alpha=-3.850088e-01	4.668106e-01	2.156854e+00	-6.558995e+00	5.320339e+00	
skipMatrixShift=0.000000e+00F:94
Norm=3.628735e+02
F:95
LHS=
1.126872e+01	1.071974e+01	9.674755e+00	8.796749e+00	7.987565e+00	-1.000000e+00	
1.071974e+01	1.036499e+01	9.493768e+00	8.708830e+00	7.943743e+00	-1.000000e+00	
9.674755e+00	9.493768e+00	8.961865e+00	8.411194e+00	7.787583e+00	-1.000000e+00	
8.796749e+00	8.708830e+00	8.411194e+00	8.058802e+00	7.590632e+00	-1.000000e+00	
7.987565e+00	7.943743e+00	7.787583e+00	7.590632e+00	7.282671e+00	-1.000000e+00	
1.000000e+00	1.000000e+00	1.000000e+00	1.000000e+00	1.000000e+00	0.000000e+00	

COND = 1.592298e+05
alpha=1.786846e+00	-1.105893e+01	2.847537e+01	-3.206139e+01	1.385810e+01	
skipMatrixShift=0.000000e+00F:96
Norm=1.092114e+03
F:97
LHS=
1.036499e+01	9.493768e+00	8.708830e+00	7.943743e+00	6.852808e+00	-1.000000e+00	
9.493768e+00	8.961865e+00	8.411194e+00	7.787583e+00	6.775239e+00	-1.000000e+00	
8.708830e+00	8.411194e+00	8.058802e+00	7.590632e+00	6.679697e+00	-1.000000e+00	
7.943743e+00	7.787583e+00	7.590632e+00	7.282671e+00	6.517147e+00	-1.000000e+00	
6.852808e+00	6.775239e+00	6.679697e+00	6.517147e+00	6.033613e+00	-1.000000e+00	
1.000000e+00	1.000000e+00	1.000000e+00	1.000000e+00	1.000000e+00	0.000000e+00	

COND = 2.347004e+05
alpha=1.920424e+00	-6.997132e+00	9.964639e+00	-7.832690e+00	3.944759e+00	
skipMatrixShift=0.000000e+00F:98
Norm=7.939569e+02
F:99
LHS=
8.961865e+00	8.411194e+00	7.787583e+00	6.775239e+00	5.938042e+00	-1.000000e+00	
8.411194e+00	8.058802e+00	7.590632e+00	6.679697e+00	5.892633e+00	-1.000000e+00	
7.787583e+00	7.590632e+00	7.282671e+00	6.517147e+00	5.812135e+00	-1.000000e+00	
6.775239e+00	6.679697e+00	6.517147e+00	6.033613e+00	5.532242e+00	-1.000000e+00	
5.938042e+00	5.892633e+00	5.812135e+00	5.532242e+00	5.208507e+00	-1.000000e+00	
1.000000e+00	1.000000e+00	1.000000e+00	1.000000e+00	1.000000e+00	0.000000e+00	

COND = 2.036374e+04
alpha=-5.433374e-02	-2.811971e-01	2.619340e+00	-6.554097e+00	5.270288e+00	
skipMatrixShift=0.000000e+00F:100
Norm=6.987160e+02
F:101
LHS=
8.058802e+00	7.590632e+00	6.679697e+00	5.892633e+00	5.169431e+00	-1.000000e+00	
7.590632e+00	7.282671e+00	6.517147e+00	5.812135e+00	5.131911e+00	-1.000000e+00	
6.679697e+00	6.517147e+00	6.033613e+00	5.532242e+00	4.981003e+00	-1.000000e+00	
5.892633e+00	5.812135e+00	5.532242e+00	5.208507e+00	4.803676e+00	-1.000000e+00	
5.169431e+00	5.131911e+00	4.981003e+00	4.803676e+00	4.560047e+00	-1.000000e+00	
1.000000e+00	1.000000e+00	1.000000e+00	1.000000e+00	1.000000e+00	0.000000e+00	

COND = 1.828569e+05
alpha=2.189147e+00	-1.120283e+01	2.534431e+01	-2.604528e+01	1.071466e+01	
skipMatrixShift=0.000000e+00F:102
Norm=7.118802e+02
F:103
LHS=
7.282671e+00	6.517147e+00	5.812135e+00	5.131911e+00	4.483069e+00	-1.000000e+00	
6.517147e+00	6.033613e+00	5.532242e+00	4.981003e+00	4.398223e+00	-1.000000e+00	
5.812135e+00	5.532242e+00	5.208507e+00	4.803676e+00	4.305924e+00	-1.000000e+00	
5.131911e+00	4.981003e+00	4.803676e+00	4.560047e+00	4.178862e+00	-1.000000e+00	
4.483069e+00	4.398223e+00	4.305924e+00	4.178862e+00	3.943507e+00	-1.000000e+00	
1.000000e+00	1.000000e+00	1.000000e+00	1.000000e+00	1.000000e+00	0.000000e+00	

COND = 1.213659e+05
alpha=7.255910e-01	-2.894496e+00	4.755072e+00	-5.331380e+00	3.745212e+00	
skipMatrixShift=0.000000e+00F:104
Norm=4.519139e+02
F:105
LHS=
6.033613e+00	5.532242e+00	4.981003e+00	4.398223e+00	3.940987e+00	-1.000000e+00	
5.532242e+00	5.208507e+00	4.803676e+00	4.305924e+00	3.890838e+00	-1.000000e+00	
4.981003e+00	4.803676e+00	4.560047e+00	4.178862e+00	3.827245e+00	-1.000000e+00	
4.398223e+00	4.305924e+00	4.178862e+00	3.943507e+00	3.692879e+00	-1.000000e+00	
3.940987e+00	3.890838e+00	3.827245e+00	3.692879e+00	3.523962e+00	-1.000000e+00	
1.000000e+00	1.000000e+00	1.000000e+00	1.000000e+00	1.000000e+00	0.000000e+00	

COND = 3.901636e+04
alpha=1.488083e-01	-1.913537e+00	8.274409e+00	-1.532857e+01	9.818892e+00	
skipMatrixShift=0.000000e+00F:106
Norm=8.025263e+02
F:107
LHS=
5.208507e+00	4.803676e+00	4.305924e+00	3.890838e+00	3.331481e+00	-1.000000e+00	
4.803676e+00	4.560047e+00	4.178862e+00	3.827245e+00	3.299752e+00	-1.000000e+00	
4.305924e+00	4.178862e+00	3.943507e+00	3.692879e+00	3.235413e+00	-1.000000e+00	
3.890838e+00	3.827245e+00	3.692879e+00	3.523962e+00	3.147589e+00	-1.000000e+00	
3.331481e+00	3.299752e+00	3.235413e+00	3.147589e+00	2.915477e+00	-1.000000e+00	
1.000000e+00	1.000000e+00	1.000000e+00	1.000000e+00	1.000000e+00	0.000000e+00	

COND = 3.332494e+05
alpha=3.347175e+00	-1.865514e+01	3.838225e+01	-3.096294e+01	8.888663e+00	
skipMatrixShift=0.000000e+00F:108
Norm=7.098259e+02
F:109
LHS=
4.560047e+00	4.178862e+00	3.827245e+00	3.299752e+00	2.769112e+00	-1.000000e+00	
4.178862e+00	3.943507e+00	3.692879e+00	3.235413e+00	2.737671e+00	-1.000000e+00	
3.827245e+00	3.692879e+00	3.523962e+00	3.147589e+00	2.695184e+00	-1.000000e+00	
3.299752e+00	3.235413e+00	3.147589e+00	2.915477e+00	2.570422e+00	-1.000000e+00	
2.769112e+00	2.737671e+00	2.695184e+00	2.570422e+00	2.354592e+00	-1.000000e+00	
1.000000e+00	1.000000e+00	1.000000e+00	1.000000e+00	1.000000e+00	0.000000e+00	

COND = 6.572467e+04
alpha=-2.611565e-01	4.133318e-01	9.203059e-01	-3.620508e+00	3.548027e+00	
skipMatrixShift=0.000000e+00F:110
Norm=4.319527e+02
F:111
LHS=
3.943507e+00	3.692879e+00	3.235413e+00	2.737671e+00	2.341931e+00	-1.000000e+00	
3.692879e+00	3.523962e+00	3.147589e+00	2.695184e+00	2.321865e+00	-1.000000e+00	
3.235413e+00	3.147589e+00	2.915477e+00	2.570422e+00	2.256935e+00	-1.000000e+00	
2.737671e+00	2.695184e+00	2.570422e+00	2.354592e+00	2.131767e+00	-1.000000e+00	
2.341931e+00	2.321865e+00	2.256935e+00	2.131767e+00	1.982137e+00	-1.000000e+00	
1.000000e+00	1.000000e+00	1.000000e+00	1.000000e+00	1.000000e+00	0.000000e+00	

COND = 4.155697e+04
alpha=6.806874e-01	-3.340446e+00	1.073037e+01	-1.814570e+01	1.107509e+01	
skipMatrixShift=0.000000e+00F:112
Norm=7.709863e+02
F:113
LHS=
3.523962e+00	3.147589e+00	2.695184e+00	2.321865e+00	1.821302e+00	-1.000000e+00	
3.147589e+00	2.915477e+00	2.570422e+00	2.256935e+00	1.790899e+00	-1.000000e+00	
2.695184e+00	2.570422e+00	2.354592e+00	2.131767e+00	1.730675e+00	-1.000000e+00	
2.321865e+00	2.256935e+00	2.131767e+00	1.982137e+00	1.653758e+00	-1.000000e+00	
1.821302e+00	1.790899e+00	1.730675e+00	1.653758e+00	1.463226e+00	-1.000000e+00	
1.000000e+00	1.000000e+00	1.000000e+00	1.000000e+00	1.000000e+00	0.000000e+00	

COND = 2.395559e+05
alpha=1.895195e+00	-9.220723e+00	1.759807e+01	-1.409673e+01	4.824188e+00	
skipMatrixShift=0.000000e+00F:114
Norm=2.965955e+02
F:115
LHS=
2.915477e+00	2.570422e+00	2.256935e+00	1.790899e+00	1.469918e+00	-1.000000e+00	
2.570422e+00	2.354592e+00	2.131767e+00	1.730675e+00	1.441121e+00	-1.000000e+00	
2.256935e+00	2.131767e+00	1.982137e+00	1.653758e+00	1.402791e+00	-1.000000e+00	
1.790899e+00	1.730675e+00	1.653758e+00	1.463226e+00	1.299271e+00	-1.000000e+00	
1.469918e+00	1.441121e+00	1.402791e+00	1.299271e+00	1.202728e+00	-1.000000e+00	
1.000000e+00	1.000000e+00	1.000000e+00	1.000000e+00	1.000000e+00	0.000000e+00	

COND = 3.093418e+04
alpha=-9.126742e-02	1.780941e-01	7.480943e-01	-3.351820e+00	3.516899e+00	
skipMatrixShift=0.000000e+00F:116
Norm=1.106822e+02
F:117
LHS=
2.354592e+00	2.131767e+00	1.730675e+00	1.441121e+00	1.248072e+00	-1.000000e+00	
2.131767e+00	1.982137e+00	1.653758e+00	1.402791e+00	1.228653e+00	-1.000000e+00	
1.730675e+00	1.653758e+00	1.463226e+00	1.299271e+00	1.172284e+00	-1.000000e+00	
1.441121e+00	1.402791e+00	1.299271e+00	1.202728e+00	1.118695e+00	-1.000000e+00	
1.248072e+00	1.228653e+00	1.172284e+00	1.118695e+00	1.065897e+00	-1.000000e+00	
1.000000e+00	1.000000e+00	1.000000e+00	1.000000e+00	1.000000e+00	0.000000e+00	

COND = 1.093787e+05
alpha=7.678933e-01	-5.328255e+00	1.779680e+01	-2.670970e+01	1.447327e+01	
skipMatrixShift=0.000000e+00F:118
Norm=1.518826e+02
F:119
LHS=
1.982137e+00	1.653758e+00	1.402791e+00	1.228653e+00	1.028734e+00	-1.000000e+00	
1.653758e+00	1.463226e+00	1.299271e+00	1.172284e+00	9.971201e-01	-1.000000e+00	
1.402791e+00	1.299271e+00	1.202728e+00	1.118695e+00	9.701242e-01	-1.000000e+00	
1.228653e+00	1.172284e+00	1.118695e+00	1.065897e+00	9.431879e-01	-1.000000e+00	
1.028734e+00	9.971201e-01	9.701242e-01	9.431879e-01	8.682349e-01	-1.000000e+00	
1.000000e+00	1.000000e+00	1.000000e+00	1.000000e+00	1.000000e+00	0.000000e+00	

COND = 3.907981e+05
alpha=2.721330e+00	-1.311386e+01	2.307664e+01	-1.674608e+01	5.061964e+00	
skipMatrixShift=0.000000e+00F:120
Norm=1.026386e+02
F:121
LHS=
1.463226e+00	1.299271e+00	1.172284e+00	9.971201e-01	8.551132e-01	-1.000000e+00	
1.299271e+00	1.202728e+00	1.118695e+00	9.701242e-01	8.404720e-01	-1.000000e+00	
1.172284e+00	1.118695e+00	1.065897e+00	9.431879e-01	8.271417e-01	-1.000000e+00	
9.971201e-01	9.701242e-01	9.431879e-01	8.682349e-01	7.855658e-01	-1.000000e+00	
8.551132e-01	8.404720e-01	8.271417e-01	7.855658e-01	7.333160e-01	-1.000000e+00	
1.000000e+00	1.000000e+00	1.000000e+00	1.000000e+00	1.000000e+00	0.000000e+00	

COND = 2.372216e+04
alpha=-5.122222e-01	1.010609e+00	1.027068e+00	-4.931777e+00	4.406323e+00	
skipMatrixShift=0.000000e+00F:122
Norm=9.455600e+01
F:123
LHS=
1.202728e+00	1.118695e+00	9.701242e-01	8.404720e-01	7.292632e-01	-1.000000e+00	
1.118695e+00	1.065897e+00	9.431879e-01	8.271417e-01	7.223871e-01	-1.000000e+00	
9.701242e-01	9.431879e-01	8.682349e-01	7.855658e-01	7.004139e-01	-1.000000e+00	
8.404720e-01	8.271417e-01	7.855658e-01	7.333160e-01	6.713474e-01	-1.000000e+00	
7.292632e-01	7.223871e-01	7.004139e-01	6.713474e-01	6.312212e-01	-1.000000e+00	
1.000000e+00	1.000000e+00	1.000000e+00	1.000000e+00	1.000000e+00	0.000000e+00	

COND = 1.177556e+05
alpha=1.496115e+00	-9.348759e+00	2.542280e+01	-3.145061e+01	1.488045e+01	
skipMatrixShift=0.000000e+00F:124
Norm=3.647712e+02
F:125
LHS=
1.065897e+00	9.431879e-01	8.271417e-01	7.223871e-01	5.736969e-01	-1.000000e+00	
9.431879e-01	8.682349e-01	7.855658e-01	7.004139e-01	5.632645e-01	-1.000000e+00	
8.271417e-01	7.855658e-01	7.333160e-01	6.713474e-01	5.494445e-01	-1.000000e+00	
7.223871e-01	7.004139e-01	6.713474e-01	6.312212e-01	5.285139e-01	-1.000000e+00	
5.736969e-01	5.632645e-01	5.494445e-01	5.285139e-01	4.637436e-01	-1.000000e+00	
1.000000e+00	1.000000e+00	1.000000e+00	1.000000e+00	1.000000e+00	0.000000e+00	

COND = 1.922397e+05
alpha=2.408451e+00	-8.944216e+00	1.311415e+01	-9.720279e+00	4.141891e+00	
skipMatrixShift=0.000000e+00F:126
Norm=2.673212e+02
F:127
LHS=
8.682349e-01	7.855658e-01	7.004139e-01	5.632645e-01	4.499036e-01	-1.000000e+00	
7.855658e-01	7.333160e-01	6.713474e-01	5.494445e-01	4.435750e-01	-1.000000e+00	
7.004139e-01	6.713474e-01	6.312212e-01	5.285139e-01	4.332802e-01	-1.000000e+00	
5.632645e-01	5.494445e-01	5.285139e-01	4.637436e-01	3.961403e-01	-1.000000e+00	
4.499036e-01	4.435750e-01	4.332802e-01	3.961403e-01	3.537777e-01	-1.000000e+00	
1.000000e+00	1.000000e+00	1.000000e+00	1.000000e+00	1.000000e+00	0.000000e+00	

COND = 1.284808e+04
alpha=-4.967314e-02	-3.694680e-02	1.417841e+00	-4.415586e+00	4.084365e+00	
skipMatrixShift=0.000000e+00F:128
Norm=1.749948e+02
F:129
LHS=
7.333160e-01	6.713474e-01	5.494445e-01	4.435750e-01	3.585097e-01	-1.000000e+00	
6.713474e-01	6.312212e-01	5.285139e-01	4.332802e-01	3.536040e-01	-1.000000e+00	
5.494445e-01	5.285139e-01	4.637436e-01	3.961403e-01	3.332255e-01	-1.000000e+00	
4.435750e-01	4.332802e-01	3.961403e-01	3.537777e-01	3.101748e-01	-1.000000e+00	
3.585097e-01	3.536040e-01	3.332255e-01	3.101748e-01	2.845821e-01	-1.000000e+00	
1.000000e+00	1.000000e+00	1.000000e+00	1.000000e+00	1.000000e+00	0.000000e+00	

COND = 1.172215e+05
alpha=1.630049e+00	-8.531530e+00	2.082715e+01	-2.434361e+01	1.141794e+01	
skipMatrixShift=0.000000e+00F:130
Norm=1.714403e+02
F:131
LHS=
6.312212e-01	5.285139e-01	4.332802e-01	3.536040e-01	2.813005e-01	-1.000000e+00	
5.285139e-01	4.637436e-01	3.961403e-01	3.332255e-01	2.699310e-01	-1.000000e+00	
4.332802e-01	3.961403e-01	3.537777e-01	3.101748e-01	2.580871e-01	-1.000000e+00	
3.536040e-01	3.332255e-01	3.101748e-01	2.845821e-01	2.449571e-01	-1.000000e+00	
2.813005e-01	2.699310e-01	2.580871e-01	2.449571e-01	2.206080e-01	-1.000000e+00	
1.000000e+00	1.000000e+00	1.000000e+00	1.000000e+00	1.000000e+00	0.000000e+00	

COND = 1.044847e+05
alpha=1.095898e+00	-4.324102e+00	6.957524e+00	-6.643790e+00	3.914471e+00	
skipMatrixShift=0.000000e+00F:132
Norm=1.077293e+02
F:133
LHS=
4.637436e-01	3.961403e-01	3.332255e-01	2.699310e-01	2.212773e-01	-1.000000e+00	
3.961403e-01	3.537777e-01	3.101748e-01	2.580871e-01	2.149970e-01	-1.000000e+00	
3.332255e-01	3.101748e-01	2.845821e-01	2.449571e-01	2.084787e-01	-1.000000e+00	
2.699310e-01	2.580871e-01	2.449571e-01	2.206080e-01	1.947633e-01	-1.000000e+00	
2.212773e-01	2.149970e-01	2.084787e-01	1.947633e-01	1.780323e-01	-1.000000e+00	
1.000000e+00	1.000000e+00	1.000000e+00	1.000000e+00	1.000000e+00	0.000000e+00	

COND = 1.814039e+04
alpha=-1.159242e-02	-7.175548e-01	3.979090e+00	-8.341679e+00	6.091737e+00	
skipMatrixShift=0.000000e+00F:134
Norm=1.018565e+02
F:135
LHS=
3.537777e-01	3.101748e-01	2.580871e-01	2.149970e-01	1.728894e-01	-1.000000e+00	
3.101748e-01	2.845821e-01	2.449571e-01	2.084787e-01	1.696242e-01	-1.000000e+00	
2.580871e-01	2.449571e-01	2.206080e-01	1.947633e-01	1.626952e-01	-1.000000e+00	
2.149970e-01	2.084787e-01	1.947633e-01	1.780323e-01	1.539643e-01	-1.000000e+00	
1.728894e-01	1.696242e-01	1.626952e-01	1.539643e-01	1.400241e-01	-1.000000e+00	
1.000000e+00	1.000000e+00	1.000000e+00	1.000000e+00	1.000000e+00	0.000000e+00	

COND = 1.834364e+05
alpha=2.129166e+00	-1.183149e+01	2.574804e+01	-2.427962e+01	9.233901e+00	
skipMatrixShift=0.000000e+00F:136
Norm=5.986537e+01
F:137
LHS=
2.845821e-01	2.449571e-01	2.084787e-01	1.696242e-01	1.378423e-01	-1.000000e+00	
2.449571e-01	2.206080e-01	1.947633e-01	1.626952e-01	1.342231e-01	-1.000000e+00	
2.084787e-01	1.947633e-01	1.780323e-01	1.539643e-01	1.298198e-01	-1.000000e+00	
1.696242e-01	1.626952e-01	1.539643e-01	1.400241e-01	1.225054e-01	-1.000000e+00	
1.378423e-01	1.342231e-01	1.298198e-01	1.225054e-01	1.117844e-01	-1.000000e+00	
1.000000e+00	1.000000e+00	1.000000e+00	1.000000e+00	1.000000e+00	0.000000e+00	

COND = 4.951228e+04
alpha=2.529085e-01	-1.081238e+00	2.291192e+00	-4.061708e+00	3.598845e+00	
skipMatrixShift=0.000000e+00F:138
Norm=2.849301e+01
F:139
LHS=
2.206080e-01	1.947633e-01	1.626952e-01	1.342231e-01	1.134913e-01	-1.000000e+00	
1.947633e-01	1.780323e-01	1.539643e-01	1.298198e-01	1.112220e-01	-1.000000e+00	
1.626952e-01	1.539643e-01	1.400241e-01	1.225054e-01	1.074420e-01	-1.000000e+00	
1.342231e-01	1.298198e-01	1.225054e-01	1.117844e-01	1.012375e-01	-1.000000e+00	
1.134913e-01	1.112220e-01	1.074420e-01	1.012375e-01	9.419745e-02	-1.000000e+00	
1.000000e+00	1.000000e+00	1.000000e+00	1.000000e+00	1.000000e+00	0.000000e+00	

COND = 3.189836e+04
alpha=2.337388e-01	-1.758473e+00	7.291820e+00	-1.380781e+01	9.040721e+00	
skipMatrixShift=0.000000e+00F:140
Norm=3.195081e+01
F:141
LHS=
1.780323e-01	1.539643e-01	1.298198e-01	1.112220e-01	8.951506e-02	-1.000000e+00	
1.539643e-01	1.400241e-01	1.225054e-01	1.074420e-01	8.771577e-02	-1.000000e+00	
1.298198e-01	1.225054e-01	1.117844e-01	1.012375e-01	8.464474e-02	-1.000000e+00	
1.112220e-01	1.074420e-01	1.012375e-01	9.419745e-02	8.098954e-02	-1.000000e+00	
8.951506e-02	8.771577e-02	8.464474e-02	8.098954e-02	7.342915e-02	-1.000000e+00	
1.000000e+00	1.000000e+00	1.000000e+00	1.000000e+00	1.000000e+00	0.000000e+00	

COND = 2.848947e+05
alpha=1.953062e+00	-1.069325e+01	2.183380e+01	-1.811572e+01	6.022105e+00	
skipMatrixShift=0.000000e+00F:142
Norm=1.038659e+01
stateCheck: error =1.038659e+01 < 1.000000e-02 * 1.188667e+03
NormError: 1.099823e-02
F:143
LHS=
1.400241e-01	1.225054e-01	1.074420e-01	8.771577e-02	7.401160e-02	-1.000000e+00	
1.225054e-01	1.117844e-01	1.012375e-01	8.464474e-02	7.247977e-02	-1.000000e+00	
1.074420e-01	1.012375e-01	9.419745e-02	8.098954e-02	7.063892e-02	-1.000000e+00	
8.771577e-02	8.464474e-02	8.098954e-02	7.342915e-02	6.662300e-02	-1.000000e+00	
7.401160e-02	7.247977e-02	7.063892e-02	6.662300e-02	6.267298e-02	-1.000000e+00	
1.000000e+00	1.000000e+00	1.000000e+00	1.000000e+00	1.000000e+00	0.000000e+00	

COND = 3.697961e+04
alpha=-7.007543e-02	9.608181e-02	7.285884e-01	-3.052810e+00	3.298215e+00	
skipMatrixShift=0.000000e+00F:144
Norm=3.227067e+00
F:145
LHS=
1.117844e-01	1.012375e-01	8.464474e-02	7.247977e-02	6.468222e-02	-1.000000e+00	
1.012375e-01	9.419745e-02	8.098954e-02	7.063892e-02	6.373331e-02	-1.000000e+00	
8.464474e-02	8.098954e-02	7.342915e-02	6.662300e-02	6.159030e-02	-1.000000e+00	
7.247977e-02	7.063892e-02	6.662300e-02	6.267298e-02	5.937868e-02	-1.000000e+00	
6.468222e-02	6.373331e-02	6.159030e-02	5.937868e-02	5.725348e-02	-1.000000e+00	
1.000000e+00	1.000000e+00	1.000000e+00	1.000000e+00	1.000000e+00	0.000000e+00	

COND = 9.954964e+04
alpha=4.261941e-01	-3.591911e+00	1.476224e+01	-2.591152e+01	1.531499e+01	
skipMatrixShift=0.000000e+00F:146
Norm=4.097716e+00
F:147
LHS=
9.419745e-02	8.098954e-02	7.063892e-02	6.373331e-02	5.490882e-02	-1.000000e+00	
8.098954e-02	7.342915e-02	6.662300e-02	6.159030e-02	5.378519e-02	-1.000000e+00	
7.063892e-02	6.662300e-02	6.267298e-02	5.937868e-02	5.270324e-02	-1.000000e+00	
6.373331e-02	6.159030e-02	5.937868e-02	5.725348e-02	5.161936e-02	-1.000000e+00	
5.490882e-02	5.378519e-02	5.270324e-02	5.161936e-02	4.822834e-02	-1.000000e+00	
1.000000e+00	1.000000e+00	1.000000e+00	1.000000e+00	1.000000e+00	0.000000e+00	

COND = 7.330163e+05
alpha=3.543780e+00	-1.951154e+01	3.771942e+01	-2.693015e+01	6.178495e+00	
skipMatrixShift=0.000000e+00F:148
Norm=2.100566e+00
F:149
LHS=
7.342915e-02	6.662300e-02	6.159030e-02	5.378519e-02	4.738554e-02	-1.000000e+00	
6.662300e-02	6.267298e-02	5.937868e-02	5.270324e-02	4.682868e-02	-1.000000e+00	
6.159030e-02	5.937868e-02	5.725348e-02	5.161936e-02	4.629370e-02	-1.000000e+00	
5.378519e-02	5.270324e-02	5.161936e-02	4.822834e-02	4.446535e-02	-1.000000e+00	
4.738554e-02	4.682868e-02	4.629370e-02	4.446535e-02	4.220105e-02	-1.000000e+00	
1.000000e+00	1.000000e+00	1.000000e+00	1.000000e+00	1.000000e+00	0.000000e+00	

COND = 4.599358e+04
alpha=-4.978511e-01	1.212225e+00	7.981648e-02	-3.220349e+00	3.426158e+00	
skipMatrixShift=0.000000e+00F:150
Norm=1.234336e+00
F:151
LHS=
6.267298e-02	5.937868e-02	5.270324e-02	4.682868e-02	4.256482e-02	-1.000000e+00	
5.937868e-02	5.725348e-02	5.161936e-02	4.629370e-02	4.229210e-02	-1.000000e+00	
5.270324e-02	5.161936e-02	4.822834e-02	4.446535e-02	4.132534e-02	-1.000000e+00	
4.682868e-02	4.629370e-02	4.446535e-02	4.220105e-02	4.006215e-02	-1.000000e+00	
4.256482e-02	4.229210e-02	4.132534e-02	4.006215e-02	3.867841e-02	-1.000000e+00	
1.000000e+00	1.000000e+00	1.000000e+00	1.000000e+00	1.000000e+00	0.000000e+00	

COND = 1.015286e+05
alpha=6.865698e-01	-4.866875e+00	1.695188e+01	-2.700404e+01	1.523246e+01	
skipMatrixShift=0.000000e+00F:152
Norm=5.212667e+00
F:153
LHS=
5.725348e-02	5.161936e-02	4.629370e-02	4.229210e-02	3.677591e-02	-1.000000e+00	
5.161936e-02	4.822834e-02	4.446535e-02	4.132534e-02	3.630094e-02	-1.000000e+00	
4.629370e-02	4.446535e-02	4.220105e-02	4.006215e-02	3.568991e-02	-1.000000e+00	
4.229210e-02	4.132534e-02	4.006215e-02	3.867841e-02	3.496984e-02	-1.000000e+00	
3.677591e-02	3.630094e-02	3.568991e-02	3.496984e-02	3.263392e-02	-1.000000e+00	
1.000000e+00	1.000000e+00	1.000000e+00	1.000000e+00	1.000000e+00	0.000000e+00	

COND = 5.827842e+05
alpha=4.718984e+00	-2.144151e+01	3.729375e+01	-2.596464e+01	6.393416e+00	
skipMatrixShift=0.000000e+00F:154
Norm=4.522755e+00
F:155
LHS=
4.822834e-02	4.446535e-02	4.132534e-02	3.630094e-02	3.159138e-02	-1.000000e+00	
4.446535e-02	4.220105e-02	4.006215e-02	3.568991e-02	3.129500e-02	-1.000000e+00	
4.132534e-02	4.006215e-02	3.867841e-02	3.496984e-02	3.094296e-02	-1.000000e+00	
3.630094e-02	3.568991e-02	3.496984e-02	3.263392e-02	2.965635e-02	-1.000000e+00	
3.159138e-02	3.129500e-02	3.094296e-02	2.965635e-02	2.788570e-02	-1.000000e+00	
1.000000e+00	1.000000e+00	1.000000e+00	1.000000e+00	1.000000e+00	0.000000e+00	

COND = 3.404100e+04
alpha=-4.039517e-01	1.052663e+00	-2.516764e-01	-2.301804e+00	2.904769e+00	
skipMatrixShift=0.000000e+00F:156
Norm=2.310774e+00
F:157
LHS=
4.220105e-02	4.006215e-02	3.568991e-02	3.129500e-02	2.821778e-02	-1.000000e+00	
4.006215e-02	3.867841e-02	3.496984e-02	3.094296e-02	2.804747e-02	-1.000000e+00	
3.568991e-02	3.496984e-02	3.263392e-02	2.965635e-02	2.734536e-02	-1.000000e+00	
3.129500e-02	3.094296e-02	2.965635e-02	2.788570e-02	2.637790e-02	-1.000000e+00	
2.821778e-02	2.804747e-02	2.734536e-02	2.637790e-02	2.545224e-02	-1.000000e+00	
1.000000e+00	1.000000e+00	1.000000e+00	1.000000e+00	1.000000e+00	0.000000e+00	

COND = 9.756014e+04
alpha=8.218117e-01	-4.501662e+00	1.489478e+01	-2.484068e+01	1.462575e+01	
skipMatrixShift=0.000000e+00F:158
Norm=4.798273e+00
F:159
LHS=
3.867841e-02	3.496984e-02	3.094296e-02	2.804747e-02	2.465535e-02	-1.000000e+00	
3.496984e-02	3.263392e-02	2.965635e-02	2.734536e-02	2.428619e-02	-1.000000e+00	
3.094296e-02	2.965635e-02	2.788570e-02	2.637790e-02	2.381133e-02	-1.000000e+00	
2.804747e-02	2.734536e-02	2.637790e-02	2.545224e-02	2.333329e-02	-1.000000e+00	
2.465535e-02	2.428619e-02	2.381133e-02	2.333329e-02	2.198141e-02	-1.000000e+00	
1.000000e+00	1.000000e+00	1.000000e+00	1.000000e+00	1.000000e+00	0.000000e+00	

COND = 5.090972e+05
alpha=3.943600e+00	-1.897551e+01	3.536321e+01	-2.601668e+01	6.685377e+00	
skipMatrixShift=0.000000e+00F:160
Norm=5.182928e+00
F:161
LHS=
3.263392e-02	2.965635e-02	2.734536e-02	2.428619e-02	2.131751e-02	-1.000000e+00	
2.965635e-02	2.788570e-02	2.637790e-02	2.381133e-02	2.107014e-02	-1.000000e+00	
2.734536e-02	2.637790e-02	2.545224e-02	2.333329e-02	2.082470e-02	-1.000000e+00	
2.428619e-02	2.381133e-02	2.333329e-02	2.198141e-02	2.007191e-02	-1.000000e+00	
2.131751e-02	2.107014e-02	2.082470e-02	2.007191e-02	1.892329e-02	-1.000000e+00	
1.000000e+00	1.000000e+00	1.000000e+00	1.000000e+00	1.000000e+00	0.000000e+00	

COND = 4.175580e+04
alpha=-2.630782e-01	5.881451e-01	1.763305e-01	-2.426511e+00	2.925113e+00	
skipMatrixShift=0.000000e+00F:162
Norm=2.832117e+00
F:163
LHS=
2.788570e-02	2.637790e-02	2.381133e-02	2.107014e-02	1.907085e-02	-1.000000e+00	
2.637790e-02	2.545224e-02	2.333329e-02	2.082470e-02	1.894115e-02	-1.000000e+00	
2.381133e-02	2.333329e-02	2.198141e-02	2.007191e-02	1.852852e-02	-1.000000e+00	
2.107014e-02	2.082470e-02	2.007191e-02	1.892329e-02	1.790681e-02	-1.000000e+00	
1.907085e-02	1.894115e-02	1.852852e-02	1.790681e-02	1.728768e-02	-1.000000e+00	
1.000000e+00	1.000000e+00	1.000000e+00	1.000000e+00	1.000000e+00	0.000000e+00	

COND = 1.050039e+05
alpha=1.082571e+00	-5.376434e+00	1.634191e+01	-2.622166e+01	1.517361e+01	
skipMatrixShift=0.000000e+00F:164
Norm=4.394325e+00
F:165
LHS=
2.545224e-02	2.333329e-02	2.082470e-02	1.894115e-02	1.665968e-02	-1.000000e+00	
2.333329e-02	2.198141e-02	2.007191e-02	1.852852e-02	1.644293e-02	-1.000000e+00	
2.082470e-02	2.007191e-02	1.892329e-02	1.790681e-02	1.613771e-02	-1.000000e+00	
1.894115e-02	1.852852e-02	1.790681e-02	1.728768e-02	1.581483e-02	-1.000000e+00	
1.665968e-02	1.644293e-02	1.613771e-02	1.581483e-02	1.484391e-02	-1.000000e+00	
1.000000e+00	1.000000e+00	1.000000e+00	1.000000e+00	1.000000e+00	0.000000e+00	

COND = 3.729052e+05
alpha=3.628776e+00	-1.703485e+01	3.135969e+01	-2.344735e+01	6.493728e+00	
skipMatrixShift=0.000000e+00F:166
Norm=3.809540e+00
F:167
LHS=
2.198141e-02	2.007191e-02	1.852852e-02	1.644293e-02	1.423602e-02	-1.000000e+00	
2.007191e-02	1.892329e-02	1.790681e-02	1.613771e-02	1.408238e-02	-1.000000e+00	
1.852852e-02	1.790681e-02	1.728768e-02	1.581483e-02	1.391889e-02	-1.000000e+00	
1.644293e-02	1.613771e-02	1.581483e-02	1.484391e-02	1.336585e-02	-1.000000e+00	
1.423602e-02	1.408238e-02	1.391889e-02	1.336585e-02	1.245288e-02	-1.000000e+00	
1.000000e+00	1.000000e+00	1.000000e+00	1.000000e+00	1.000000e+00	0.000000e+00	

COND = 3.951837e+04
alpha=-2.154211e-01	4.540120e-01	4.017165e-01	-2.738880e+00	3.098572e+00	
skipMatrixShift=0.000000e+00F:168
Norm=2.033630e+00
F:169
LHS=
1.892329e-02	1.790681e-02	1.613771e-02	1.408238e-02	1.249518e-02	-1.000000e+00	
1.790681e-02	1.728768e-02	1.581483e-02	1.391889e-02	1.241281e-02	-1.000000e+00	
1.613771e-02	1.581483e-02	1.484391e-02	1.336585e-02	1.210511e-02	-1.000000e+00	
1.408238e-02	1.391889e-02	1.336585e-02	1.245288e-02	1.160523e-02	-1.000000e+00	
1.249518e-02	1.241281e-02	1.210511e-02	1.160523e-02	1.109184e-02	-1.000000e+00	
1.000000e+00	1.000000e+00	1.000000e+00	1.000000e+00	1.000000e+00	0.000000e+00	

COND = 8.295195e+04
alpha=1.222662e+00	-5.549708e+00	1.455069e+01	-2.151436e+01	1.229072e+01	
skipMatrixShift=0.000000e+00F:170
Norm=2.506276e+00
F:171
LHS=
1.728768e-02	1.581483e-02	1.391889e-02	1.241281e-02	1.081458e-02	-1.000000e+00	
1.581483e-02	1.484391e-02	1.336585e-02	1.210511e-02	1.065198e-02	-1.000000e+00	
1.391889e-02	1.336585e-02	1.245288e-02	1.160523e-02	1.040132e-02	-1.000000e+00	
1.241281e-02	1.210511e-02	1.160523e-02	1.109184e-02	1.013193e-02	-1.000000e+00	
1.081458e-02	1.065198e-02	1.040132e-02	1.013193e-02	9.517962e-03	-1.000000e+00	
1.000000e+00	1.000000e+00	1.000000e+00	1.000000e+00	1.000000e+00	0.000000e+00	

COND = 2.234120e+05
alpha=2.492632e+00	-1.051078e+01	1.856169e+01	-1.502377e+01	5.480231e+00	
skipMatrixShift=0.000000e+00F:172
Norm=1.576450e+00
F:173
LHS=
1.484391e-02	1.336585e-02	1.210511e-02	1.065198e-02	9.345550e-03	-1.000000e+00	
1.336585e-02	1.245288e-02	1.160523e-02	1.040132e-02	9.216871e-03	-1.000000e+00	
1.210511e-02	1.160523e-02	1.109184e-02	1.013193e-02	9.076953e-03	-1.000000e+00	
1.065198e-02	1.040132e-02	1.013193e-02	9.517962e-03	8.725528e-03	-1.000000e+00	
9.345550e-03	9.216871e-03	9.076953e-03	8.725528e-03	8.229743e-03	-1.000000e+00	
1.000000e+00	1.000000e+00	1.000000e+00	1.000000e+00	1.000000e+00	0.000000e+00	

COND = 2.989720e+04
alpha=4.894188e-02	-3.004288e-01	1.246058e+00	-3.456441e+00	3.461870e+00	
skipMatrixShift=0.000000e+00F:174
Norm=8.036821e-01
F:175
LHS=
1.245288e-02	1.160523e-02	1.040132e-02	9.216871e-03	8.281235e-03	-1.000000e+00	
1.160523e-02	1.109184e-02	1.013193e-02	9.076953e-03	8.205869e-03	-1.000000e+00	
1.040132e-02	1.013193e-02	9.517962e-03	8.725528e-03	8.009811e-03	-1.000000e+00	
9.216871e-03	9.076953e-03	8.725528e-03	8.229743e-03	7.739993e-03	-1.000000e+00	
8.281235e-03	8.205869e-03	8.009811e-03	7.739993e-03	7.448674e-03	-1.000000e+00	
1.000000e+00	1.000000e+00	1.000000e+00	1.000000e+00	1.000000e+00	0.000000e+00	

COND = 1.101898e+05
alpha=1.274302e+00	-6.390431e+00	1.601520e+01	-2.118736e+01	1.128829e+01	
skipMatrixShift=0.000000e+00F:176
Norm=8.127068e-01
F:177
LHS=
1.109184e-02	1.013193e-02	9.076953e-03	8.205869e-03	7.360867e-03	-1.000000e+00	
1.013193e-02	9.517962e-03	8.725528e-03	8.009811e-03	7.251807e-03	-1.000000e+00	
9.076953e-03	8.725528e-03	8.229743e-03	7.739993e-03	7.111876e-03	-1.000000e+00	
8.205869e-03	8.009811e-03	7.739993e-03	7.448674e-03	6.956935e-03	-1.000000e+00	
7.360867e-03	7.251807e-03	7.111876e-03	6.956935e-03	6.640371e-03	-1.000000e+00	
1.000000e+00	1.000000e+00	1.000000e+00	1.000000e+00	1.000000e+00	0.000000e+00	

COND = 1.863531e+05
alpha=1.876303e+00	-7.548779e+00	1.255814e+01	-1.077927e+01	4.893610e+00	
skipMatrixShift=0.000000e+00F:178
Norm=5.762357e-01
F:179
LHS=
9.517962e-03	8.725528e-03	8.009811e-03	7.251807e-03	6.577866e-03	-1.000000e+00	
8.725528e-03	8.229743e-03	7.739993e-03	7.111876e-03	6.501299e-03	-1.000000e+00	
8.009811e-03	7.739993e-03	7.448674e-03	6.956935e-03	6.418328e-03	-1.000000e+00	
7.251807e-03	7.111876e-03	6.956935e-03	6.640371e-03	6.236690e-03	-1.000000e+00	
6.577866e-03	6.501299e-03	6.418328e-03	6.236690e-03	5.980807e-03	-1.000000e+00	
1.000000e+00	1.000000e+00	1.000000e+00	1.000000e+00	1.000000e+00	0.000000e+00	

COND = 2.993264e+04
alpha=1.019932e-01	-6.797446e-01	2.220865e+00	-4.636808e+00	3.993694e+00	
skipMatrixShift=0.000000e+00F:180
Norm=3.539880e-01
F:181
LHS=
8.229743e-03	7.739993e-03	7.111876e-03	6.501299e-03	5.985861e-03	-1.000000e+00	
7.739993e-03	7.448674e-03	6.956935e-03	6.418328e-03	5.939978e-03	-1.000000e+00	
7.111876e-03	6.956935e-03	6.640371e-03	6.236690e-03	5.841063e-03	-1.000000e+00	
6.501299e-03	6.418328e-03	6.236690e-03	5.980807e-03	5.704004e-03	-1.000000e+00	
5.985861e-03	5.939978e-03	5.841063e-03	5.704004e-03	5.542464e-03	-1.000000e+00	
1.000000e+00	1.000000e+00	1.000000e+00	1.000000e+00	1.000000e+00	0.000000e+00	

COND = 1.605001e+05
alpha=1.654334e+00	-7.789944e+00	1.713282e+01	-1.986445e+01	9.867243e+00	
skipMatrixShift=0.000000e+00F:182
Norm=2.430970e-01
F:183
LHS=
7.448674e-03	6.956935e-03	6.418328e-03	5.939978e-03	5.516186e-03	-1.000000e+00	
6.956935e-03	6.640371e-03	6.236690e-03	5.841063e-03	5.461998e-03	-1.000000e+00	
6.418328e-03	6.236690e-03	5.980807e-03	5.704004e-03	5.392114e-03	-1.000000e+00	
5.939978e-03	5.841063e-03	5.704004e-03	5.542464e-03	5.307309e-03	-1.000000e+00	
5.516186e-03	5.461998e-03	5.392114e-03	5.307309e-03	5.155535e-03	-1.000000e+00	
1.000000e+00	1.000000e+00	1.000000e+00	1.000000e+00	1.000000e+00	0.000000e+00	

COND = 1.442212e+05
alpha=1.240337e+00	-4.805583e+00	8.191606e+00	-8.497166e+00	4.870806e+00	
skipMatrixShift=0.000000e+00F:184
Norm=1.487755e-01
F:185
LHS=
6.640371e-03	6.236690e-03	5.841063e-03	5.461998e-03	5.120978e-03	-1.000000e+00	
6.236690e-03	5.980807e-03	5.704004e-03	5.392114e-03	5.084662e-03	-1.000000e+00	
5.841063e-03	5.704004e-03	5.542464e-03	5.307309e-03	5.041185e-03	-1.000000e+00	
5.461998e-03	5.392114e-03	5.307309e-03	5.155535e-03	4.951335e-03	-1.000000e+00	
5.120978e-03	5.084662e-03	5.041185e-03	4.951335e-03	4.810156e-03	-1.000000e+00	
1.000000e+00	1.000000e+00	1.000000e+00	1.000000e+00	1.000000e+00	0.000000e+00	

COND = 4.498169e+04
alpha=2.695544e-01	-1.609776e+00	5.247878e+00	-9.252067e+00	6.344412e+00	
skipMatrixShift=0.000000e+00F:186
Norm=1.464850e-01
F:187
LHS=
5.980807e-03	5.704004e-03	5.392114e-03	5.084662e-03	4.717271e-03	-1.000000e+00	
5.704004e-03	5.542464e-03	5.307309e-03	5.041185e-03	4.696421e-03	-1.000000e+00	
5.392114e-03	5.307309e-03	5.155535e-03	4.951335e-03	4.648182e-03	-1.000000e+00	
5.084662e-03	5.041185e-03	4.951335e-03	4.810156e-03	4.571147e-03	-1.000000e+00	
4.717271e-03	4.696421e-03	4.648182e-03	4.571147e-03	4.429999e-03	-1.000000e+00	
1.000000e+00	1.000000e+00	1.000000e+00	1.000000e+00	1.000000e+00	0.000000e+00	

COND = 2.897336e+05
alpha=2.497815e+00	-1.102135e+01	2.018440e+01	-1.769960e+01	7.038743e+00	
skipMatrixShift=0.000000e+00F:188
Norm=7.692243e-02
stateCheck: error =7.692243e-02 < 1.000000e-02 * 1.038659e+01
NormError: 2.171937e-04
F:189
LHS=
5.542464e-03	5.307309e-03	5.041185e-03	4.696421e-03	4.410410e-03	-1.000000e+00	
5.307309e-03	5.155535e-03	4.951335e-03	4.648182e-03	4.382898e-03	-1.000000e+00	
5.041185e-03	4.951335e-03	4.810156e-03	4.571147e-03	4.341942e-03	-1.000000e+00	
4.696421e-03	4.648182e-03	4.571147e-03	4.429999e-03	4.267091e-03	-1.000000e+00	
4.410410e-03	4.382898e-03	4.341942e-03	4.267091e-03	4.166311e-03	-1.000000e+00	
1.000000e+00	1.000000e+00	1.000000e+00	1.000000e+00	1.000000e+00	0.000000e+00	

COND = 9.644881e+04
alpha=8.893165e-01	-3.208234e+00	5.078369e+00	-6.276275e+00	4.516823e+00	
skipMatrixShift=0.000000e+00F:190
Norm=4.920611e-02
F:191
LHS=
5.155535e-03	4.951335e-03	4.648182e-03	4.382898e-03	4.167976e-03	-1.000000e+00	
4.951335e-03	4.810156e-03	4.571147e-03	4.341942e-03	4.144499e-03	-1.000000e+00	
4.648182e-03	4.571147e-03	4.429999e-03	4.267091e-03	4.105040e-03	-1.000000e+00	
4.382898e-03	4.341942e-03	4.267091e-03	4.166311e-03	4.045625e-03	-1.000000e+00	
4.167976e-03	4.144499e-03	4.105040e-03	4.045625e-03	3.958639e-03	-1.000000e+00	
1.000000e+00	1.000000e+00	1.000000e+00	1.000000e+00	1.000000e+00	0.000000e+00	

COND = 9.318502e+04
alpha=5.319494e-01	-4.082514e+00	1.418341e+01	-2.281241e+01	1.317956e+01	
skipMatrixShift=0.000000e+00F:192
Norm=2.288895e-01
F:193
LHS=
4.810156e-03	4.571147e-03	4.341942e-03	4.144499e-03	3.769631e-03	-1.000000e+00	
4.571147e-03	4.429999e-03	4.267091e-03	4.105040e-03	3.749667e-03	-1.000000e+00	
4.341942e-03	4.267091e-03	4.166311e-03	4.045625e-03	3.719485e-03	-1.000000e+00	
4.144499e-03	4.105040e-03	4.045625e-03	3.958639e-03	3.671959e-03	-1.000000e+00	
3.769631e-03	3.749667e-03	3.719485e-03	3.671959e-03	3.491445e-03	-1.000000e+00	
1.000000e+00	1.000000e+00	1.000000e+00	1.000000e+00	1.000000e+00	0.000000e+00	

COND = 5.836567e+05
alpha=4.459094e+00	-2.028816e+01	3.562731e+01	-2.531717e+01	6.518939e+00	
skipMatrixShift=0.000000e+00F:194
Norm=2.456515e-01
F:195
LHS=
4.429999e-03	4.267091e-03	4.105040e-03	3.749667e-03	3.401241e-03	-1.000000e+00	
4.267091e-03	4.166311e-03	4.045625e-03	3.719485e-03	3.385714e-03	-1.000000e+00	
4.105040e-03	4.045625e-03	3.958639e-03	3.671959e-03	3.361576e-03	-1.000000e+00	
3.749667e-03	3.719485e-03	3.671959e-03	3.491445e-03	3.262636e-03	-1.000000e+00	
3.401241e-03	3.385714e-03	3.361576e-03	3.262636e-03	3.120717e-03	-1.000000e+00	
1.000000e+00	1.000000e+00	1.000000e+00	1.000000e+00	1.000000e+00	0.000000e+00	

COND = 7.809227e+04
alpha=1.667021e-01	-8.079905e-01	2.092673e+00	-4.302781e+00	3.851396e+00	
skipMatrixShift=0.000000e+00F:196
Norm=1.745721e-01
F:197
LHS=
4.166311e-03	4.045625e-03	3.719485e-03	3.385714e-03	3.121227e-03	-1.000000e+00	
4.045625e-03	3.958639e-03	3.671959e-03	3.361576e-03	3.108403e-03	-1.000000e+00	
3.719485e-03	3.671959e-03	3.491445e-03	3.262636e-03	3.054372e-03	-1.000000e+00	
3.385714e-03	3.361576e-03	3.262636e-03	3.120717e-03	2.970608e-03	-1.000000e+00	
3.121227e-03	3.108403e-03	3.054372e-03	2.970608e-03	2.865185e-03	-1.000000e+00	
1.000000e+00	1.000000e+00	1.000000e+00	1.000000e+00	1.000000e+00	0.000000e+00	

COND = 9.801216e+04
alpha=1.063304e+00	-6.270663e+00	1.990436e+01	-3.121949e+01	1.752249e+01	
skipMatrixShift=0.000000e+00F:198
Norm=8.900186e-01
F:199
LHS=
3.958639e-03	3.671959e-03	3.361576e-03	3.108403e-03	2.597008e-03	-1.000000e+00	
3.671959e-03	3.491445e-03	3.262636e-03	3.054372e-03	2.569195e-03	-1.000000e+00	
3.361576e-03	3.262636e-03	3.120717e-03	2.970608e-03	2.527668e-03	-1.000000e+00	
3.108403e-03	3.054372e-03	2.970608e-03	2.865185e-03	2.472199e-03	-1.000000e+00	
2.597008e-03	2.569195e-03	2.527668e-03	2.472199e-03	2.235517e-03	-1.000000e+00	
1.000000e+00	1.000000e+00	1.000000e+00	1.000000e+00	1.000000e+00	0.000000e+00	

COND = 5.094297e+05
alpha=3.538951e+00	-1.538377e+01	2.646356e+01	-1.819795e+01	4.579206e+00	
skipMatrixShift=0.000000e+00F:200
Norm=5.467444e-01
F:201
LHS=
3.491445e-03	3.262636e-03	3.054372e-03	2.569195e-03	2.187176e-03	-1.000000e+00	
3.262636e-03	3.120717e-03	2.970608e-03	2.527668e-03	2.166535e-03	-1.000000e+00	
3.054372e-03	2.970608e-03	2.865185e-03	2.472199e-03	2.139062e-03	-1.000000e+00	
2.569195e-03	2.527668e-03	2.472199e-03	2.235517e-03	2.012085e-03	-1.000000e+00	
2.187176e-03	2.166535e-03	2.139062e-03	2.012085e-03	1.883050e-03	-1.000000e+00	
1.000000e+00	1.000000e+00	1.000000e+00	1.000000e+00	1.000000e+00	0.000000e+00	

COND = 4.271491e+04
alpha=-2.606446e-01	5.549117e-01	4.885505e-01	-3.089194e+00	3.306377e+00	
skipMatrixShift=0.000000e+00F:202
Norm=2.394406e-01
F:203
LHS=
3.120717e-03	2.970608e-03	2.527668e-03	2.166535e-03	1.927064e-03	-1.000000e+00	
2.970608e-03	2.865185e-03	2.472199e-03	2.139062e-03	1.913191e-03	-1.000000e+00	
2.527668e-03	2.472199e-03	2.235517e-03	2.012085e-03	1.845902e-03	-1.000000e+00	
2.166535e-03	2.139062e-03	2.012085e-03	1.883050e-03	1.775597e-03	-1.000000e+00	
1.927064e-03	1.913191e-03	1.845902e-03	1.775597e-03	1.708471e-03	-1.000000e+00	
1.000000e+00	1.000000e+00	1.000000e+00	1.000000e+00	1.000000e+00	0.000000e+00	

COND = 1.281350e+05
alpha=7.925199e-01	-5.620448e+00	1.960018e+01	-3.107160e+01	1.729935e+01	
skipMatrixShift=0.000000e+00F:204
Norm=4.119398e-01
F:205
LHS=
2.865185e-03	2.472199e-03	2.139062e-03	1.913191e-03	1.625456e-03	-1.000000e+00	
2.472199e-03	2.235517e-03	2.012085e-03	1.845902e-03	1.590155e-03	-1.000000e+00	
2.139062e-03	2.012085e-03	1.883050e-03	1.775597e-03	1.555774e-03	-1.000000e+00	
1.913191e-03	1.845902e-03	1.775597e-03	1.708471e-03	1.521933e-03	-1.000000e+00	
1.625456e-03	1.590155e-03	1.555774e-03	1.521933e-03	1.411612e-03	-1.000000e+00	
1.000000e+00	1.000000e+00	1.000000e+00	1.000000e+00	1.000000e+00	0.000000e+00	

COND = 6.299078e+05
alpha=2.793965e+00	-1.300290e+01	2.284842e+01	-1.596705e+01	4.327564e+00	
skipMatrixShift=0.000000e+00F:206
Norm=1.894842e-01
F:207
LHS=
2.235517e-03	2.012085e-03	1.845902e-03	1.590155e-03	1.403609e-03	-1.000000e+00	
2.012085e-03	1.883050e-03	1.775597e-03	1.555774e-03	1.386415e-03	-1.000000e+00	
1.845902e-03	1.775597e-03	1.708471e-03	1.521933e-03	1.370113e-03	-1.000000e+00	
1.590155e-03	1.555774e-03	1.521933e-03	1.411612e-03	1.310887e-03	-1.000000e+00	
1.403609e-03	1.386415e-03	1.370113e-03	1.310887e-03	1.251645e-03	-1.000000e+00	
1.000000e+00	1.000000e+00	1.000000e+00	1.000000e+00	1.000000e+00	0.000000e+00	

COND = 3.123916e+04
alpha=-4.108560e-01	9.619219e-01	4.550482e-01	-3.736193e+00	3.730079e+00	
skipMatrixShift=0.000000e+00F:208
Norm=8.501715e-02
F:209
LHS=
1.883050e-03	1.775597e-03	1.555774e-03	1.386415e-03	1.267579e-03	-1.000000e+00	
1.775597e-03	1.708471e-03	1.521933e-03	1.370113e-03	1.259728e-03	-1.000000e+00	
1.555774e-03	1.521933e-03	1.411612e-03	1.310887e-03	1.228792e-03	-1.000000e+00	
1.386415e-03	1.370113e-03	1.310887e-03	1.251645e-03	1.196711e-03	-1.000000e+00	
1.267579e-03	1.259728e-03	1.228792e-03	1.196711e-03	1.162250e-03	-1.000000e+00	
1.000000e+00	1.000000e+00	1.000000e+00	1.000000e+00	1.000000e+00	0.000000e+00	

COND = 1.887625e+05
alpha=1.060737e+00	-8.010837e+00	2.551398e+01	-3.570869e+01	1.814482e+01	
skipMatrixShift=0.000000e+00F:210
Norm=1.888863e-01
F:211
LHS=
1.708471e-03	1.521933e-03	1.370113e-03	1.259728e-03	1.110590e-03	-1.000000e+00	
1.521933e-03	1.411612e-03	1.310887e-03	1.228792e-03	1.094852e-03	-1.000000e+00	
1.370113e-03	1.310887e-03	1.251645e-03	1.196711e-03	1.079250e-03	-1.000000e+00	
1.259728e-03	1.228792e-03	1.196711e-03	1.162250e-03	1.061592e-03	-1.000000e+00	
1.110590e-03	1.094852e-03	1.079250e-03	1.061592e-03	9.987765e-04	-1.000000e+00	
1.000000e+00	1.000000e+00	1.000000e+00	1.000000e+00	1.000000e+00	0.000000e+00	

COND = 5.537468e+05
alpha=3.454153e+00	-1.433135e+01	2.253285e+01	-1.514173e+01	4.486068e+00	
skipMatrixShift=0.000000e+00F:212
Norm=1.048188e-01
F:213
LHS=
1.411612e-03	1.310887e-03	1.228792e-03	1.094852e-03	9.828793e-04	-1.000000e+00	
1.310887e-03	1.251645e-03	1.196711e-03	1.079250e-03	9.752774e-04	-1.000000e+00	
1.228792e-03	1.196711e-03	1.162250e-03	1.061592e-03	9.666990e-04	-1.000000e+00	
1.094852e-03	1.079250e-03	1.061592e-03	9.987765e-04	9.309962e-04	-1.000000e+00	
9.828793e-04	9.752774e-04	9.666990e-04	9.309962e-04	8.880364e-04	-1.000000e+00	
1.000000e+00	1.000000e+00	1.000000e+00	1.000000e+00	1.000000e+00	0.000000e+00	

COND = 2.656324e+04
alpha=-2.013385e-01	3.171100e-01	1.341015e+00	-4.756361e+00	4.299575e+00	
skipMatrixShift=0.000000e+00F:214
Norm=6.197191e-02
F:215
LHS=
1.251645e-03	1.196711e-03	1.079250e-03	9.752774e-04	8.864571e-04	-1.000000e+00	
1.196711e-03	1.162250e-03	1.061592e-03	9.666990e-04	8.823292e-04	-1.000000e+00	
1.079250e-03	1.061592e-03	9.987765e-04	9.309962e-04	8.626898e-04	-1.000000e+00	
9.752774e-04	9.666990e-04	9.309962e-04	8.880364e-04	8.388638e-04	-1.000000e+00	
8.864571e-04	8.823292e-04	8.626898e-04	8.388638e-04	8.080795e-04	-1.000000e+00	
1.000000e+00	1.000000e+00	1.000000e+00	1.000000e+00	1.000000e+00	0.000000e+00	

COND = 1.785698e+05
alpha=1.821828e+00	-1.100456e+01	2.864543e+01	-3.380772e+01	1.534502e+01	
skipMatrixShift=0.000000e+00F:216
Norm=1.267493e-01
F:217
LHS=
1.162250e-03	1.061592e-03	9.666990e-04	8.823292e-04	7.713040e-04	-1.000000e+00	
1.061592e-03	9.987765e-04	9.309962e-04	8.626898e-04	7.605003e-04	-1.000000e+00	
9.666990e-04	9.309962e-04	8.880364e-04	8.388638e-04	7.484200e-04	-1.000000e+00	
8.823292e-04	8.626898e-04	8.388638e-04	8.080795e-04	7.323107e-04	-1.000000e+00	
7.713040e-04	7.605003e-04	7.484200e-04	7.323107e-04	6.830614e-04	-1.000000e+00	
1.000000e+00	1.000000e+00	1.000000e+00	1.000000e+00	1.000000e+00	0.000000e+00	

COND = 2.838717e+05
alpha=3.343081e+00	-1.207767e+01	1.692931e+01	-1.183168e+01	4.636965e+00	
skipMatrixShift=0.000000e+00F:218
Norm=1.057797e-01
F:219
LHS=
9.987765e-04	9.309962e-04	8.626898e-04	7.605003e-04	6.644100e-04	-1.000000e+00	
9.309962e-04	8.880364e-04	8.388638e-04	7.484200e-04	6.580302e-04	-1.000000e+00	
8.626898e-04	8.388638e-04	8.080795e-04	7.323107e-04	6.498244e-04	-1.000000e+00	
7.605003e-04	7.484200e-04	7.323107e-04	6.830614e-04	6.209413e-04	-1.000000e+00	
6.644100e-04	6.580302e-04	6.498244e-04	6.209413e-04	5.800102e-04	-1.000000e+00	
1.000000e+00	1.000000e+00	1.000000e+00	1.000000e+00	1.000000e+00	0.000000e+00	

COND = 1.867846e+04
alpha=-4.071715e-02	-3.441776e-01	2.319941e+00	-5.572126e+00	4.637080e+00	
skipMatrixShift=0.000000e+00F:220
Norm=9.204894e-02
F:221
LHS=
8.880364e-04	8.388638e-04	7.484200e-04	6.580302e-04	5.709424e-04	-1.000000e+00	
8.388638e-04	8.080795e-04	7.323107e-04	6.498244e-04	5.665738e-04	-1.000000e+00	
7.484200e-04	7.323107e-04	6.830614e-04	6.209413e-04	5.504826e-04	-1.000000e+00	
6.580302e-04	6.498244e-04	6.209413e-04	5.800102e-04	5.280608e-04	-1.000000e+00	
5.709424e-04	5.665738e-04	5.504826e-04	5.280608e-04	4.970422e-04	-1.000000e+00	
1.000000e+00	1.000000e+00	1.000000e+00	1.000000e+00	1.000000e+00	0.000000e+00	

COND = 1.453068e+05
alpha=2.448554e+00	-1.186373e+01	2.584483e+01	-2.713522e+01	1.170557e+01	
skipMatrixShift=0.000000e+00F:222
Norm=1.050414e-01
F:223
LHS=
8.080795e-04	7.323107e-04	6.498244e-04	5.665738e-04	4.809073e-04	-1.000000e+00	
7.323107e-04	6.830614e-04	6.209413e-04	5.504826e-04	4.719225e-04	-1.000000e+00	
6.498244e-04	6.209413e-04	5.800102e-04	5.280608e-04	4.603737e-04	-1.000000e+00	
5.665738e-04	5.504826e-04	5.280608e-04	4.970422e-04	4.441041e-04	-1.000000e+00	
4.809073e-04	4.719225e-04	4.603737e-04	4.441041e-04	4.103662e-04	-1.000000e+00	
1.000000e+00	1.000000e+00	1.000000e+00	1.000000e+00	1.000000e+00	0.000000e+00	

COND = 1.015022e+05
alpha=1.307527e+00	-4.543501e+00	6.665276e+00	-6.472117e+00	4.042815e+00	
skipMatrixShift=0.000000e+00F:224
Norm=7.188514e-02
F:225
LHS=
6.830614e-04	6.209413e-04	5.504826e-04	4.719225e-04	4.056735e-04	-1.000000e+00	
6.209413e-04	5.800102e-04	5.280608e-04	4.603737e-04	3.995489e-04	-1.000000e+00	
5.504826e-04	5.280608e-04	4.970422e-04	4.441041e-04	3.911421e-04	-1.000000e+00	
4.719225e-04	4.603737e-04	4.441041e-04	4.103662e-04	3.715209e-04	-1.000000e+00	
4.056735e-04	3.995489e-04	3.911421e-04	3.715209e-04	3.459135e-04	-1.000000e+00	
1.000000e+00	1.000000e+00	1.000000e+00	1.000000e+00	1.000000e+00	0.000000e+00	

COND = 1.862129e+04
alpha=1.665950e-01	-1.127307e+00	4.084188e+00	-7.886307e+00	5.762831e+00	
skipMatrixShift=0.000000e+00F:226
Norm=6.359152e-02
F:227
LHS=
5.800102e-04	5.280608e-04	4.603737e-04	3.995489e-04	3.386588e-04	-1.000000e+00	
5.280608e-04	4.970422e-04	4.441041e-04	3.911421e-04	3.342950e-04	-1.000000e+00	
4.603737e-04	4.441041e-04	4.103662e-04	3.715209e-04	3.239465e-04	-1.000000e+00	
3.995489e-04	3.911421e-04	3.715209e-04	3.459135e-04	3.103817e-04	-1.000000e+00	
3.386588e-04	3.342950e-04	3.239465e-04	3.103817e-04	2.901850e-04	-1.000000e+00	
1.000000e+00	1.000000e+00	1.000000e+00	1.000000e+00	1.000000e+00	0.000000e+00	

COND = 2.145742e+05
alpha=2.351697e+00	-1.147314e+01	2.330176e+01	-2.173766e+01	8.557335e+00	
skipMatrixShift=0.000000e+00F:228
Norm=3.047271e-02
F:229
LHS=
4.970422e-04	4.441041e-04	3.911421e-04	3.342950e-04	2.907489e-04	-1.000000e+00	
4.441041e-04	4.103662e-04	3.715209e-04	3.239465e-04	2.850963e-04	-1.000000e+00	
3.911421e-04	3.715209e-04	3.459135e-04	3.103817e-04	2.780415e-04	-1.000000e+00	
3.342950e-04	3.239465e-04	3.103817e-04	2.901850e-04	2.673738e-04	-1.000000e+00	
2.907489e-04	2.850963e-04	2.780415e-04	2.673738e-04	2.532305e-04	-1.000000e+00	
1.000000e+00	1.000000e+00	1.000000e+00	1.000000e+00	1.000000e+00	0.000000e+00	

COND = 5.339737e+04
alpha=3.822125e-01	-1.490405e+00	2.903569e+00	-4.775597e+00	3.980221e+00	
skipMatrixShift=0.000000e+00F:230
Norm=1.490824e-02
F:231
LHS=
4.103662e-04	3.715209e-04	3.239465e-04	2.850963e-04	2.553656e-04	-1.000000e+00	
3.715209e-04	3.459135e-04	3.103817e-04	2.780415e-04	2.515198e-04	-1.000000e+00	
3.239465e-04	3.103817e-04	2.901850e-04	2.673738e-04	2.458843e-04	-1.000000e+00	
2.850963e-04	2.780415e-04	2.673738e-04	2.532305e-04	2.376120e-04	-1.000000e+00	
2.553656e-04	2.515198e-04	2.458843e-04	2.376120e-04	2.268193e-04	-1.000000e+00	
1.000000e+00	1.000000e+00	1.000000e+00	1.000000e+00	1.000000e+00	0.000000e+00	

COND = 4.900036e+04
alpha=3.331336e-01	-2.831043e+00	1.069251e+01	-1.801710e+01	1.082250e+01	
skipMatrixShift=0.000000e+00F:232
Norm=2.451782e-02
F:233
LHS=
3.459135e-04	3.103817e-04	2.780415e-04	2.515198e-04	2.133927e-04	-1.000000e+00	
3.103817e-04	2.901850e-04	2.673738e-04	2.458843e-04	2.105880e-04	-1.000000e+00	
2.780415e-04	2.673738e-04	2.532305e-04	2.376120e-04	2.064340e-04	-1.000000e+00	
2.515198e-04	2.458843e-04	2.376120e-04	2.268193e-04	2.007189e-04	-1.000000e+00	
2.133927e-04	2.105880e-04	2.064340e-04	2.007189e-04	1.851261e-04	-1.000000e+00	
1.000000e+00	1.000000e+00	1.000000e+00	1.000000e+00	1.000000e+00	0.000000e+00	

COND = 4.084102e+05
alpha=3.690788e+00	-1.783894e+01	3.236041e+01	-2.394615e+01	6.733894e+00	
skipMatrixShift=0.000000e+00F:234
Norm=1.187556e-02
F:235
LHS=
2.901850e-04	2.673738e-04	2.458843e-04	2.105880e-04	1.813905e-04	-1.000000e+00	
2.673738e-04	2.532305e-04	2.376120e-04	2.064340e-04	1.791865e-04	-1.000000e+00	
2.458843e-04	2.376120e-04	2.268193e-04	2.007189e-04	1.762261e-04	-1.000000e+00	
2.105880e-04	2.064340e-04	2.007189e-04	1.851261e-04	1.678200e-04	-1.000000e+00	
1.813905e-04	1.791865e-04	1.762261e-04	1.678200e-04	1.575158e-04	-1.000000e+00	
1.000000e+00	1.000000e+00	1.000000e+00	1.000000e+00	1.000000e+00	0.000000e+00	

COND = 3.558543e+04
alpha=-2.406608e-02	-1.546531e-01	1.016596e+00	-3.092525e+00	3.254648e+00	
skipMatrixShift=0.000000e+00F:236
Norm=5.163510e-03
F:237
LHS=
2.532305e-04	2.376120e-04	2.064340e-04	1.791865e-04	1.603297e-04	-1.000000e+00	
2.376120e-04	2.268193e-04	2.007189e-04	1.762261e-04	1.587156e-04	-1.000000e+00	
2.064340e-04	2.007189e-04	1.851261e-04	1.678200e-04	1.541769e-04	-1.000000e+00	
1.791865e-04	1.762261e-04	1.678200e-04	1.575158e-04	1.483601e-04	-1.000000e+00	
1.603297e-04	1.587156e-04	1.541769e-04	1.483601e-04	1.423966e-04	-1.000000e+00	
1.000000e+00	1.000000e+00	1.000000e+00	1.000000e+00	1.000000e+00	0.000000e+00	

COND = 8.056668e+04
alpha=5.595306e-01	-3.765937e+00	1.430624e+01	-2.492342e+01	1.482358e+01	
skipMatrixShift=0.000000e+00F:238
Norm=1.170071e-02
F:239
LHS=
2.268193e-04	2.007189e-04	1.762261e-04	1.587156e-04	1.346832e-04	-1.000000e+00	
2.007189e-04	1.851261e-04	1.678200e-04	1.541769e-04	1.323751e-04	-1.000000e+00	
1.762261e-04	1.678200e-04	1.575158e-04	1.483601e-04	1.295482e-04	-1.000000e+00	
1.587156e-04	1.541769e-04	1.483601e-04	1.423966e-04	1.264512e-04	-1.000000e+00	
1.346832e-04	1.323751e-04	1.295482e-04	1.264512e-04	1.164067e-04	-1.000000e+00	
1.000000e+00	1.000000e+00	1.000000e+00	1.000000e+00	1.000000e+00	0.000000e+00	

COND = 5.655782e+05
alpha=4.586635e+00	-2.356415e+01	4.487814e+01	-3.230296e+01	7.402342e+00	
skipMatrixShift=0.000000e+00F:240
Norm=9.667938e-03
F:241
LHS=
1.851261e-04	1.678200e-04	1.541769e-04	1.323751e-04	1.108956e-04	-1.000000e+00	
1.678200e-04	1.575158e-04	1.483601e-04	1.295482e-04	1.094843e-04	-1.000000e+00	
1.541769e-04	1.483601e-04	1.423966e-04	1.264512e-04	1.079598e-04	-1.000000e+00	
1.323751e-04	1.295482e-04	1.264512e-04	1.164067e-04	1.025017e-04	-1.000000e+00	
1.108956e-04	1.094843e-04	1.079598e-04	1.025017e-04	9.426556e-05	-1.000000e+00	
1.000000e+00	1.000000e+00	1.000000e+00	1.000000e+00	1.000000e+00	0.000000e+00	

COND = 4.006192e+04
alpha=-4.818023e-01	1.239491e+00	-3.532730e-01	-2.274312e+00	2.869897e+00	
skipMatrixShift=0.000000e+00F:242
Norm=4.835241e-03
F:243
LHS=
1.575158e-04	1.483601e-04	1.295482e-04	1.094843e-04	9.561880e-05	-1.000000e+00	
1.483601e-04	1.423966e-04	1.264512e-04	1.079598e-04	9.485801e-05	-1.000000e+00	
1.295482e-04	1.264512e-04	1.164067e-04	1.025017e-04	9.192845e-05	-1.000000e+00	
1.094843e-04	1.079598e-04	1.025017e-04	9.426556e-05	8.741119e-05	-1.000000e+00	
9.561880e-05	9.485801e-05	9.192845e-05	8.741119e-05	8.321284e-05	-1.000000e+00	
1.000000e+00	1.000000e+00	1.000000e+00	1.000000e+00	1.000000e+00	0.000000e+00	

COND = 5.611410e+04
alpha=4.914386e-01	-2.718714e+00	9.682319e+00	-1.749497e+01	1.103993e+01	
skipMatrixShift=0.000000e+00F:244
Norm=7.355245e-03
F:245
LHS=
1.423966e-04	1.264512e-04	1.079598e-04	9.485801e-05	8.179423e-05	-1.000000e+00	
1.264512e-04	1.164067e-04	1.025017e-04	9.192845e-05	8.027021e-05	-1.000000e+00	
1.079598e-04	1.025017e-04	9.426556e-05	8.741119e-05	7.802774e-05	-1.000000e+00	
9.485801e-05	9.192845e-05	8.741119e-05	8.321284e-05	7.585580e-05	-1.000000e+00	
8.179423e-05	8.027021e-05	7.802774e-05	7.585580e-05	7.137216e-05	-1.000000e+00	
1.000000e+00	1.000000e+00	1.000000e+00	1.000000e+00	1.000000e+00	0.000000e+00	

COND = 5.056743e+05
alpha=3.615640e+00	-1.873246e+01	3.744730e+01	-2.944008e+01	8.109595e+00	
skipMatrixShift=0.000000e+00F:246
Norm=6.182176e-03
F:247
LHS=
1.164067e-04	1.025017e-04	9.192845e-05	8.027021e-05	6.995362e-05	-1.000000e+00	
1.025017e-04	9.426556e-05	8.741119e-05	7.802774e-05	6.881133e-05	-1.000000e+00	
9.192845e-05	8.741119e-05	8.321284e-05	7.585580e-05	6.772160e-05	-1.000000e+00	
8.027021e-05	7.802774e-05	7.585580e-05	7.137216e-05	6.528441e-05	-1.000000e+00	
6.995362e-05	6.881133e-05	6.772160e-05	6.528441e-05	6.163657e-05	-1.000000e+00	
1.000000e+00	1.000000e+00	1.000000e+00	1.000000e+00	1.000000e+00	0.000000e+00	

COND = 4.287328e+04
alpha=-4.509523e-01	1.176399e+00	-3.619648e-01	-2.281850e+00	2.918368e+00	
skipMatrixShift=0.000000e+00F:248
Norm=3.307061e-03
F:249
LHS=
9.426556e-05	8.741119e-05	7.802774e-05	6.881133e-05	6.228728e-05	-1.000000e+00	
8.741119e-05	8.321284e-05	7.585580e-05	6.772160e-05	6.173444e-05	-1.000000e+00	
7.802774e-05	7.585580e-05	7.137216e-05	6.528441e-05	6.042431e-05	-1.000000e+00	
6.881133e-05	6.772160e-05	6.528441e-05	6.163657e-05	5.843277e-05	-1.000000e+00	
6.228728e-05	6.173444e-05	6.042431e-05	5.843277e-05	5.646555e-05	-1.000000e+00	
1.000000e+00	1.000000e+00	1.000000e+00	1.000000e+00	1.000000e+00	0.000000e+00	

COND = 7.418521e+04
alpha=5.264040e-01	-3.138161e+00	1.098542e+01	-1.902840e+01	1.165474e+01	
skipMatrixShift=0.000000e+00F:250
Norm=5.099451e-03
F:251
LHS=
8.321284e-05	7.585580e-05	6.772160e-05	6.173444e-05	5.543970e-05	-1.000000e+00	
7.585580e-05	7.137216e-05	6.528441e-05	6.042431e-05	5.474529e-05	-1.000000e+00	
6.772160e-05	6.528441e-05	6.163657e-05	5.843277e-05	5.376229e-05	-1.000000e+00	
6.173444e-05	6.042431e-05	5.843277e-05	5.646555e-05	5.274854e-05	-1.000000e+00	
5.543970e-05	5.474529e-05	5.376229e-05	5.274854e-05	5.046222e-05	-1.000000e+00	
1.000000e+00	1.000000e+00	1.000000e+00	1.000000e+00	1.000000e+00	0.000000e+00	

COND = 6.218149e+05
alpha=3.839227e+00	-1.990092e+01	3.862721e+01	-2.953179e+01	7.966271e+00	
skipMatrixShift=0.000000e+00F:252
Norm=4.599214e-03
F:253
LHS=
7.137216e-05	6.528441e-05	6.042431e-05	5.474529e-05	4.953351e-05	-1.000000e+00	
6.528441e-05	6.163657e-05	5.843277e-05	5.376229e-05	4.902478e-05	-1.000000e+00	
6.042431e-05	5.843277e-05	5.646555e-05	5.274854e-05	4.851142e-05	-1.000000e+00	
5.474529e-05	5.376229e-05	5.274854e-05	5.046222e-05	4.724968e-05	-1.000000e+00	
4.953351e-05	4.902478e-05	4.851142e-05	4.724968e-05	4.527600e-05	-1.000000e+00	
1.000000e+00	1.000000e+00	1.000000e+00	1.000000e+00	1.000000e+00	0.000000e+00	

COND = 4.956500e+04
alpha=-4.117704e-01	9.898655e-01	-4.264049e-02	-2.647278e+00	3.111823e+00	
skipMatrixShift=0.000000e+00F:254
Norm=2.758042e-03
F:255
LHS=
6.163657e-05	5.843277e-05	5.376229e-05	4.902478e-05	4.542207e-05	-1.000000e+00	
5.843277e-05	5.646555e-05	5.274854e-05	4.851142e-05	4.515860e-05	-1.000000e+00	
5.376229e-05	5.274854e-05	5.046222e-05	4.724968e-05	4.447617e-05	-1.000000e+00	
4.902478e-05	4.851142e-05	4.724968e-05	4.527600e-05	4.339126e-05	-1.000000e+00	
4.542207e-05	4.515860e-05	4.447617e-05	4.339126e-05	4.221780e-05	-1.000000e+00	
1.000000e+00	1.000000e+00	1.000000e+00	1.000000e+00	1.000000e+00	0.000000e+00	

COND = 9.338253e+04
alpha=6.915543e-01	-3.973085e+00	1.292964e+01	-2.092385e+01	1.227574e+01	
skipMatrixShift=0.000000e+00F:256
Norm=4.428810e-03
F:257
LHS=
5.646555e-05	5.274854e-05	4.851142e-05	4.515860e-05	4.127311e-05	-1.000000e+00	
5.274854e-05	5.046222e-05	4.724968e-05	4.447617e-05	4.092980e-05	-1.000000e+00	
4.851142e-05	4.724968e-05	4.527600e-05	4.339126e-05	4.039937e-05	-1.000000e+00	
4.515860e-05	4.447617e-05	4.339126e-05	4.221780e-05	3.978986e-05	-1.000000e+00	
4.127311e-05	4.092980e-05	4.039937e-05	3.978986e-05	3.826276e-05	-1.000000e+00	
1.000000e+00	1.000000e+00	1.000000e+00	1.000000e+00	1.000000e+00	0.000000e+00	

COND = 6.072108e+05
alpha=4.212597e+00	-1.965306e+01	3.543827e+01	-2.629428e+01	7.296471e+00	
skipMatrixShift=0.000000e+00F:258
Norm=3.414408e-03
F:259
LHS=
5.046222e-05	4.724968e-05	4.447617e-05	4.092980e-05	3.753025e-05	-1.000000e+00	
4.724968e-05	4.527600e-05	4.339126e-05	4.039937e-05	3.725817e-05	-1.000000e+00	
4.447617e-05	4.339126e-05	4.221780e-05	3.978986e-05	3.694683e-05	-1.000000e+00	
4.092980e-05	4.039937e-05	3.978986e-05	3.826276e-05	3.609940e-05	-1.000000e+00	
3.753025e-05	3.725817e-05	3.694683e-05	3.609940e-05	3.479281e-05	-1.000000e+00	
1.000000e+00	1.000000e+00	1.000000e+00	1.000000e+00	1.000000e+00	0.000000e+00	

COND = 4.966073e+04
alpha=-2.359163e-01	5.123584e-01	2.241323e-01	-2.447779e+00	2.947204e+00	
skipMatrixShift=0.000000e+00F:260
Norm=1.714217e-03
F:261
LHS=
4.527600e-05	4.339126e-05	4.039937e-05	3.725817e-05	3.497621e-05	-1.000000e+00	
4.339126e-05	4.221780e-05	3.978986e-05	3.694683e-05	3.481382e-05	-1.000000e+00	
4.039937e-05	3.978986e-05	3.826276e-05	3.609940e-05	3.435108e-05	-1.000000e+00	
3.725817e-05	3.694683e-05	3.609940e-05	3.479281e-05	3.363590e-05	-1.000000e+00	
3.497621e-05	3.481382e-05	3.435108e-05	3.363590e-05	3.292401e-05	-1.000000e+00	
1.000000e+00	1.000000e+00	1.000000e+00	1.000000e+00	1.000000e+00	0.000000e+00	

COND = 1.200046e+05
alpha=7.443652e-01	-3.984387e+00	1.315483e+01	-2.213919e+01	1.322439e+01	
skipMatrixShift=0.000000e+00F:262
Norm=2.691785e-03
F:263
LHS=
4.221780e-05	3.978986e-05	3.694683e-05	3.481382e-05	3.236828e-05	-1.000000e+00	
3.978986e-05	3.826276e-05	3.609940e-05	3.435108e-05	3.214136e-05	-1.000000e+00	
3.694683e-05	3.609940e-05	3.479281e-05	3.363590e-05	3.178844e-05	-1.000000e+00	
3.481382e-05	3.435108e-05	3.363590e-05	3.292401e-05	3.141515e-05	-1.000000e+00	
3.236828e-05	3.214136e-05	3.178844e-05	3.141515e-05	3.046197e-05	-1.000000e+00	
1.000000e+00	1.000000e+00	1.000000e+00	1.000000e+00	1.000000e+00	0.000000e+00	

COND = 6.563731e+05
alpha=3.257085e+00	-1.543722e+01	2.867601e+01	-2.170480e+01	6.208924e+00	
skipMatrixShift=0.000000e+00F:264
Norm=1.791155e-03
F:265
LHS=
3.826276e-05	3.609940e-05	3.435108e-05	3.214136e-05	3.012953e-05	-1.000000e+00	
3.609940e-05	3.479281e-05	3.363590e-05	3.178844e-05	2.994633e-05	-1.000000e+00	
3.435108e-05	3.363590e-05	3.292401e-05	3.141515e-05	2.975084e-05	-1.000000e+00	
3.214136e-05	3.178844e-05	3.141515e-05	3.046197e-05	2.922395e-05	-1.000000e+00	
3.012953e-05	2.994633e-05	2.975084e-05	2.922395e-05	2.849049e-05	-1.000000e+00	
1.000000e+00	1.000000e+00	1.000000e+00	1.000000e+00	1.000000e+00	0.000000e+00	

COND = 6.976803e+04
alpha=4.354516e-02	-2.448402e-01	8.211966e-01	-2.541004e+00	2.921103e+00	
skipMatrixShift=0.000000e+00F:266
Norm=7.840195e-04
F:267
LHS=
3.479281e-05	3.363590e-05	3.178844e-05	2.994633e-05	2.865920e-05	-1.000000e+00	
3.363590e-05	3.292401e-05	3.141515e-05	2.975084e-05	2.855121e-05	-1.000000e+00	
3.178844e-05	3.141515e-05	3.046197e-05	2.922395e-05	2.826271e-05	-1.000000e+00	
2.994633e-05	2.975084e-05	2.922395e-05	2.849049e-05	2.786465e-05	-1.000000e+00	
2.865920e-05	2.855121e-05	2.826271e-05	2.786465e-05	2.747903e-05	-1.000000e+00	
1.000000e+00	1.000000e+00	1.000000e+00	1.000000e+00	1.000000e+00	0.000000e+00	

COND = 2.398324e+05
alpha=1.051528e+00	-5.908849e+00	1.961358e+01	-3.252601e+01	1.876975e+01	
skipMatrixShift=0.000000e+00F:268
Norm=1.663943e-03
F:269
LHS=
3.292401e-05	3.141515e-05	2.975084e-05	2.855121e-05	2.687211e-05	-1.000000e+00	
3.141515e-05	3.046197e-05	2.922395e-05	2.826271e-05	2.672497e-05	-1.000000e+00	
2.975084e-05	2.922395e-05	2.849049e-05	2.786465e-05	2.652849e-05	-1.000000e+00	
2.855121e-05	2.826271e-05	2.786465e-05	2.747903e-05	2.632265e-05	-1.000000e+00	
2.687211e-05	2.672497e-05	2.652849e-05	2.632265e-05	2.552748e-05	-1.000000e+00	
1.000000e+00	1.000000e+00	1.000000e+00	1.000000e+00	1.000000e+00	0.000000e+00	

COND = 8.391811e+05
alpha=4.213785e+00	-2.021686e+01	3.751926e+01	-2.714476e+01	6.628578e+00	
skipMatrixShift=0.000000e+00F:270
Norm=2.008103e-03
F:271
LHS=
3.046197e-05	2.922395e-05	2.826271e-05	2.672497e-05	2.483722e-05	-1.000000e+00	
2.922395e-05	2.849049e-05	2.786465e-05	2.652849e-05	2.473897e-05	-1.000000e+00	
2.826271e-05	2.786465e-05	2.747903e-05	2.632265e-05	2.463280e-05	-1.000000e+00	
2.672497e-05	2.652849e-05	2.632265e-05	2.552748e-05	2.417704e-05	-1.000000e+00	
2.483722e-05	2.473897e-05	2.463280e-05	2.417704e-05	2.335441e-05	-1.000000e+00	
1.000000e+00	1.000000e+00	1.000000e+00	1.000000e+00	1.000000e+00	0.000000e+00	

COND = 9.647464e+04
alpha=5.217056e-03	-9.252036e-02	6.652241e-01	-2.492610e+00	2.914689e+00	
skipMatrixShift=0.000000e+00F:272
Norm=1.074291e-03
F:273
LHS=
2.849049e-05	2.786465e-05	2.652849e-05	2.473897e-05	2.338245e-05	-1.000000e+00	
2.786465e-05	2.747903e-05	2.632265e-05	2.463280e-05	2.332656e-05	-1.000000e+00	
2.652849e-05	2.632265e-05	2.552748e-05	2.417704e-05	2.306791e-05	-1.000000e+00	
2.473897e-05	2.463280e-05	2.417704e-05	2.335441e-05	2.261734e-05	-1.000000e+00	
2.338245e-05	2.332656e-05	2.306791e-05	2.261734e-05	2.216432e-05	-1.000000e+00	
1.000000e+00	1.000000e+00	1.000000e+00	1.000000e+00	1.000000e+00	0.000000e+00	

COND = 1.768561e+05
alpha=1.825627e+00	-7.872709e+00	2.018454e+01	-3.037686e+01	1.723940e+01	
skipMatrixShift=0.000000e+00F:274
Norm=2.244968e-03
F:275
LHS=
2.747903e-05	2.632265e-05	2.463280e-05	2.332656e-05	2.153119e-05	-1.000000e+00	
2.632265e-05	2.552748e-05	2.417704e-05	2.306791e-05	2.138969e-05	-1.000000e+00	
2.463280e-05	2.417704e-05	2.335441e-05	2.261734e-05	2.116222e-05	-1.000000e+00	
2.332656e-05	2.306791e-05	2.261734e-05	2.216432e-05	2.092019e-05	-1.000000e+00	
2.153119e-05	2.138969e-05	2.116222e-05	2.092019e-05	2.007148e-05	-1.000000e+00	
1.000000e+00	1.000000e+00	1.000000e+00	1.000000e+00	1.000000e+00	0.000000e+00	

COND = 4.648326e+05
alpha=3.911742e+00	-1.622031e+01	2.862973e+01	-2.139063e+01	6.069470e+00	
skipMatrixShift=0.000000e+00F:276
Norm=2.521786e-03
F:277
LHS=
2.552748e-05	2.417704e-05	2.306791e-05	2.138969e-05	1.943022e-05	-1.000000e+00	
2.417704e-05	2.335441e-05	2.261734e-05	2.116222e-05	1.931476e-05	-1.000000e+00	
2.306791e-05	2.261734e-05	2.216432e-05	2.092019e-05	1.918992e-05	-1.000000e+00	
2.138969e-05	2.116222e-05	2.092019e-05	2.007148e-05	1.869801e-05	-1.000000e+00	
1.943022e-05	1.931476e-05	1.918992e-05	1.869801e-05	1.783337e-05	-1.000000e+00	
1.000000e+00	1.000000e+00	1.000000e+00	1.000000e+00	1.000000e+00	0.000000e+00	

COND = 6.915547e+04
alpha=9.426546e-02	-4.284161e-01	1.324420e+00	-3.327732e+00	3.337463e+00	
skipMatrixShift=0.000000e+00F:278
Norm=1.529625e-03
F:279
LHS=
2.335441e-05	2.261734e-05	2.116222e-05	1.931476e-05	1.778752e-05	-1.000000e+00	
2.261734e-05	2.216432e-05	2.092019e-05	1.918992e-05	1.772202e-05	-1.000000e+00	
2.116222e-05	2.092019e-05	2.007148e-05	1.869801e-05	1.744535e-05	-1.000000e+00	
1.931476e-05	1.918992e-05	1.869801e-05	1.783337e-05	1.697145e-05	-1.000000e+00	
1.778752e-05	1.772202e-05	1.744535e-05	1.697145e-05	1.644742e-05	-1.000000e+00	
1.000000e+00	1.000000e+00	1.000000e+00	1.000000e+00	1.000000e+00	0.000000e+00	

COND = 1.298927e+05
alpha=1.858633e+00	-8.235258e+00	1.918949e+01	-2.544551e+01	1.363264e+01	
skipMatrixShift=0.000000e+00F:280
Norm=2.108120e-03
F:281
LHS=
2.216432e-05	2.092019e-05	1.918992e-05	1.772202e-05	1.601987e-05	-1.000000e+00	
2.092019e-05	2.007148e-05	1.869801e-05	1.744535e-05	1.586615e-05	-1.000000e+00	
1.918992e-05	1.869801e-05	1.783337e-05	1.697145e-05	1.562054e-05	-1.000000e+00	
1.772202e-05	1.744535e-05	1.697145e-05	1.644742e-05	1.533733e-05	-1.000000e+00	
1.601987e-05	1.586615e-05	1.562054e-05	1.533733e-05	1.459401e-05	-1.000000e+00	
1.000000e+00	1.000000e+00	1.000000e+00	1.000000e+00	1.000000e+00	0.000000e+00	

COND = 2.345403e+05
alpha=2.757390e+00	-1.032311e+01	1.677826e+01	-1.350303e+01	5.290491e+00	
skipMatrixShift=0.000000e+00F:282
Norm=1.920998e-03
F:283
LHS=
2.007148e-05	1.869801e-05	1.744535e-05	1.586615e-05	1.424930e-05	-1.000000e+00	
1.869801e-05	1.783337e-05	1.697145e-05	1.562054e-05	1.411739e-05	-1.000000e+00	
1.744535e-05	1.697145e-05	1.644742e-05	1.533733e-05	1.396449e-05	-1.000000e+00	
1.586615e-05	1.562054e-05	1.533733e-05	1.459401e-05	1.352709e-05	-1.000000e+00	
1.424930e-05	1.411739e-05	1.396449e-05	1.352709e-05	1.283910e-05	-1.000000e+00	
1.000000e+00	1.000000e+00	1.000000e+00	1.000000e+00	1.000000e+00	0.000000e+00	

COND = 3.466829e+04
alpha=2.572776e-01	-9.779995e-01	2.228374e+00	-4.369742e+00	3.862090e+00	
skipMatrixShift=0.000000e+00F:284
Norm=1.306378e-03
F:285
LHS=
1.783337e-05	1.697145e-05	1.562054e-05	1.411739e-05	1.280060e-05	-1.000000e+00	
1.697145e-05	1.644742e-05	1.533733e-05	1.396449e-05	1.271537e-05	-1.000000e+00	
1.562054e-05	1.533733e-05	1.459401e-05	1.352709e-05	1.246701e-05	-1.000000e+00	
1.411739e-05	1.396449e-05	1.352709e-05	1.283910e-05	1.208882e-05	-1.000000e+00	
1.280060e-05	1.271537e-05	1.246701e-05	1.208882e-05	1.163951e-05	-1.000000e+00	
1.000000e+00	1.000000e+00	1.000000e+00	1.000000e+00	1.000000e+00	0.000000e+00	

COND = 1.368328e+05
alpha=2.168007e+00	-9.576766e+00	2.035847e+01	-2.360608e+01	1.165637e+01	
skipMatrixShift=0.000000e+00F:286
Norm=1.358573e-03
F:287
LHS=
1.644742e-05	1.533733e-05	1.396449e-05	1.271537e-05	1.144586e-05	-1.000000e+00	
1.533733e-05	1.459401e-05	1.352709e-05	1.246701e-05	1.129999e-05	-1.000000e+00	
1.396449e-05	1.352709e-05	1.283910e-05	1.208882e-05	1.109672e-05	-1.000000e+00	
1.271537e-05	1.246701e-05	1.208882e-05	1.163951e-05	1.085090e-05	-1.000000e+00	
1.144586e-05	1.129999e-05	1.109672e-05	1.085090e-05	1.031918e-05	-1.000000e+00	
1.000000e+00	1.000000e+00	1.000000e+00	1.000000e+00	1.000000e+00	0.000000e+00	

COND = 1.264133e+05
alpha=1.781412e+00	-6.602229e+00	1.060615e+01	-9.865762e+00	5.080426e+00	
skipMatrixShift=0.000000e+00F:288
Norm=1.293254e-03
F:289
LHS=
1.459401e-05	1.352709e-05	1.246701e-05	1.129999e-05	1.010610e-05	-1.000000e+00	
1.352709e-05	1.283910e-05	1.208882e-05	1.109672e-05	9.990400e-06	-1.000000e+00	
1.246701e-05	1.208882e-05	1.163951e-05	1.085090e-05	9.854587e-06	-1.000000e+00	
1.129999e-05	1.109672e-05	1.085090e-05	1.031918e-05	9.533993e-06	-1.000000e+00	
1.010610e-05	9.990400e-06	9.854587e-06	9.533993e-06	8.999706e-06	-1.000000e+00	
1.000000e+00	1.000000e+00	1.000000e+00	1.000000e+00	1.000000e+00	0.000000e+00	

COND = 2.931972e+04
alpha=3.265610e-01	-1.602605e+00	4.272043e+00	-7.200846e+00	5.204848e+00	
skipMatrixShift=0.000000e+00F:290
Norm=1.342644e-03
F:291
LHS=
1.283910e-05	1.208882e-05	1.109672e-05	9.990400e-06	8.795004e-06	-1.000000e+00	
1.208882e-05	1.163951e-05	1.085090e-05	9.854587e-06	8.719889e-06	-1.000000e+00	
1.109672e-05	1.085090e-05	1.031918e-05	9.533993e-06	8.540876e-06	-1.000000e+00	
9.990400e-06	9.854587e-06	9.533993e-06	8.999706e-06	8.248585e-06	-1.000000e+00	
8.795004e-06	8.719889e-06	8.540876e-06	8.248585e-06	7.809862e-06	-1.000000e+00	
1.000000e+00	1.000000e+00	1.000000e+00	1.000000e+00	1.000000e+00	0.000000e+00	

COND = 1.556320e+05
alpha=2.469457e+00	-1.039882e+01	1.890563e+01	-1.776944e+01	7.793167e+00	
skipMatrixShift=0.000000e+00F:292
Norm=8.421006e-04
F:293
LHS=
1.163951e-05	1.085090e-05	9.854587e-06	8.719889e-06	7.789297e-06	-1.000000e+00	
1.085090e-05	1.031918e-05	9.533993e-06	8.540876e-06	7.684088e-06	-1.000000e+00	
9.854587e-06	9.533993e-06	8.999706e-06	8.248585e-06	7.526684e-06	-1.000000e+00	
8.719889e-06	8.540876e-06	8.248585e-06	7.809862e-06	7.290817e-06	-1.000000e+00	
7.789297e-06	7.684088e-06	7.526684e-06	7.290817e-06	6.961284e-06	-1.000000e+00	
1.000000e+00	1.000000e+00	1.000000e+00	1.000000e+00	1.000000e+00	0.000000e+00	

COND = 5.885581e+04
alpha=8.062521e-01	-2.970647e+00	5.079473e+00	-6.547743e+00	4.632665e+00	
skipMatrixShift=0.000000e+00F:294
Norm=5.674938e-04
stateCheck: error =5.674938e-04 < 1.000000e-02 * 7.692243e-02
NormError: 5.901705e-05
