solventPath: /media/460GB/Development/RISM-MOL-Tools/test/rism-mol-tools_2012_06_05/
reading solvent coordinates...
printf read distribution files list...
reading grid files...
reading CD_in_water_g0.3d
reading CD_in_water_g1.3d
reading CD_in_water_g1.3d
finding the most probable area...
building the table of rotations...
finding the best rotations...
  1%  [      139 /   13958 ] 
  2%  [      278 /   13958 ] 
  3%  [      417 /   13958 ] 
  4%  [      556 /   13958 ] 
  5%  [      695 /   13958 ] 
  6%  [      834 /   13958 ] 
  7%  [      973 /   13958 ] 
  8%  [     1112 /   13958 ] 
  9%  [     1251 /   13958 ] 
 10%  [     1390 /   13958 ] 
 11%  [     1529 /   13958 ] 
 12%  [     1668 /   13958 ] 
 13%  [     1807 /   13958 ] 
 14%  [     1946 /   13958 ] 
 15%  [     2085 /   13958 ] 
 16%  [     2224 /   13958 ] 
 17%  [     2363 /   13958 ] 
 18%  [     2502 /   13958 ] 
 19%  [     2641 /   13958 ] 
 20%  [     2780 /   13958 ] 
 21%  [     2919 /   13958 ] 
 22%  [     3058 /   13958 ] 
 23%  [     3197 /   13958 ] 
 24%  [     3336 /   13958 ] 
 25%  [     3475 /   13958 ] 
 26%  [     3614 /   13958 ] 
 27%  [     3753 /   13958 ] 
 28%  [     3892 /   13958 ] 
 29%  [     4031 /   13958 ] 
 30%  [     4170 /   13958 ] 
 31%  [     4309 /   13958 ] 
 32%  [     4448 /   13958 ] 
 33%  [     4587 /   13958 ] 
 34%  [     4726 /   13958 ] 
 35%  [     4865 /   13958 ] 
 36%  [     5004 /   13958 ] 
 37%  [     5143 /   13958 ] 
 38%  [     5282 /   13958 ] 
 39%  [     5421 /   13958 ] 
 40%  [     5560 /   13958 ] 
 41%  [     5699 /   13958 ] 
 42%  [     5838 /   13958 ] 
 43%  [     5977 /   13958 ] 
 44%  [     6116 /   13958 ] 
 45%  [     6255 /   13958 ] 
 46%  [     6394 /   13958 ] 
 47%  [     6533 /   13958 ] 
 48%  [     6672 /   13958 ] 
 49%  [     6811 /   13958 ] 
 50%  [     6950 /   13958 ] 
 51%  [     7089 /   13958 ] 
 52%  [     7228 /   13958 ] 
 53%  [     7367 /   13958 ] 
 54%  [     7506 /   13958 ] 
 55%  [     7645 /   13958 ] 
 56%  [     7784 /   13958 ] 
 57%  [     7923 /   13958 ] 
 58%  [     8062 /   13958 ] 
 59%  [     8201 /   13958 ] 
 60%  [     8340 /   13958 ] 
 61%  [     8479 /   13958 ] 
 62%  [     8618 /   13958 ] 
 63%  [     8757 /   13958 ] 
 64%  [     8896 /   13958 ] 
 65%  [     9035 /   13958 ] 
 66%  [     9174 /   13958 ] 
 67%  [     9313 /   13958 ] 
 68%  [     9452 /   13958 ] 
 69%  [     9591 /   13958 ] 
 70%  [     9730 /   13958 ] 
 71%  [     9869 /   13958 ] 
 72%  [    10008 /   13958 ] 
 73%  [    10147 /   13958 ] 
 74%  [    10286 /   13958 ] 
 75%  [    10425 /   13958 ] 
 76%  [    10564 /   13958 ] 
 77%  [    10703 /   13958 ] 
 78%  [    10842 /   13958 ] 
 79%  [    10981 /   13958 ] 
 80%  [    11120 /   13958 ] 
 81%  [    11259 /   13958 ] 
 82%  [    11398 /   13958 ] 
 83%  [    11537 /   13958 ] 
 84%  [    11676 /   13958 ] 
 85%  [    11815 /   13958 ] 
 86%  [    11954 /   13958 ] 
 87%  [    12093 /   13958 ] 
 88%  [    12232 /   13958 ] 
 89%  [    12371 /   13958 ] 
 90%  [    12510 /   13958 ] 
 91%  [    12649 /   13958 ] 
 92%  [    12788 /   13958 ] 
 93%  [    12927 /   13958 ] 
 94%  [    13066 /   13958 ] 
 95%  [    13205 /   13958 ] 
 96%  [    13344 /   13958 ] 
 97%  [    13483 /   13958 ] 
 98%  [    13622 /   13958 ] 
 99%  [    13761 /   13958 ] 
100%  [    13900 /   13958 ] 
building refined table of rotations...
refining the angle distributions...
  1%  [      139 /   13958 ] 
  2%  [      278 /   13958 ] 
  3%  [      417 /   13958 ] 
  4%  [      556 /   13958 ] 
  5%  [      695 /   13958 ] 
  6%  [      834 /   13958 ] 
  7%  [      973 /   13958 ] 
  8%  [     1112 /   13958 ] 
  9%  [     1251 /   13958 ] 
 10%  [     1390 /   13958 ] 
 11%  [     1529 /   13958 ] 
 12%  [     1668 /   13958 ] 
 13%  [     1807 /   13958 ] 
 14%  [     1946 /   13958 ] 
 15%  [     2085 /   13958 ] 
 16%  [     2224 /   13958 ] 
 17%  [     2363 /   13958 ] 
 18%  [     2502 /   13958 ] 
 19%  [     2641 /   13958 ] 
 20%  [     2780 /   13958 ] 
 21%  [     2919 /   13958 ] 
 22%  [     3058 /   13958 ] 
 23%  [     3197 /   13958 ] 
 24%  [     3336 /   13958 ] 
 25%  [     3475 /   13958 ] 
 26%  [     3614 /   13958 ] 
 27%  [     3753 /   13958 ] 
 28%  [     3892 /   13958 ] 
 29%  [     4031 /   13958 ] 
 30%  [     4170 /   13958 ] 
 31%  [     4309 /   13958 ] 
 32%  [     4448 /   13958 ] 
 33%  [     4587 /   13958 ] 
 34%  [     4726 /   13958 ] 
 35%  [     4865 /   13958 ] 
 36%  [     5004 /   13958 ] 
 37%  [     5143 /   13958 ] 
 38%  [     5282 /   13958 ] 
 39%  [     5421 /   13958 ] 
 40%  [     5560 /   13958 ] 
 41%  [     5699 /   13958 ] 
 42%  [     5838 /   13958 ] 
 43%  [     5977 /   13958 ] 
 44%  [     6116 /   13958 ] 
 45%  [     6255 /   13958 ] 
 46%  [     6394 /   13958 ] 
 47%  [     6533 /   13958 ] 
 48%  [     6672 /   13958 ] 
 49%  [     6811 /   13958 ] 
 50%  [     6950 /   13958 ] 
 51%  [     7089 /   13958 ] 
 52%  [     7228 /   13958 ] 
 53%  [     7367 /   13958 ] 
 54%  [     7506 /   13958 ] 
 55%  [     7645 /   13958 ] 
 56%  [     7784 /   13958 ] 
 57%  [     7923 /   13958 ] 
 58%  [     8062 /   13958 ] 
 59%  [     8201 /   13958 ] 
 60%  [     8340 /   13958 ] 
 61%  [     8479 /   13958 ] 
 62%  [     8618 /   13958 ] 
 63%  [     8757 /   13958 ] 
 64%  [     8896 /   13958 ] 
 65%  [     9035 /   13958 ] 
 66%  [     9174 /   13958 ] 
 67%  [     9313 /   13958 ] 
 68%  [     9452 /   13958 ] 
 69%  [     9591 /   13958 ] 
 70%  [     9730 /   13958 ] 
 71%  [     9869 /   13958 ] 
 72%  [    10008 /   13958 ] 
 73%  [    10147 /   13958 ] 
 74%  [    10286 /   13958 ] 
 75%  [    10425 /   13958 ] 
 76%  [    10564 /   13958 ] 
 77%  [    10703 /   13958 ] 
 78%  [    10842 /   13958 ] 
 79%  [    10981 /   13958 ] 
 80%  [    11120 /   13958 ] 
 81%  [    11259 /   13958 ] 
 82%  [    11398 /   13958 ] 
 83%  [    11537 /   13958 ] 
 84%  [    11676 /   13958 ] 
 85%  [    11815 /   13958 ] 
 86%  [    11954 /   13958 ] 
 87%  [    12093 /   13958 ] 
 88%  [    12232 /   13958 ] 
 89%  [    12371 /   13958 ] 
 90%  [    12510 /   13958 ] 
 91%  [    12649 /   13958 ] 
 92%  [    12788 /   13958 ] 
 93%  [    12927 /   13958 ] 
 94%  [    13066 /   13958 ] 
 95%  [    13205 /   13958 ] 
 96%  [    13344 /   13958 ] 
 97%  [    13483 /   13958 ] 
 98%  [    13622 /   13958 ] 
 99%  [    13761 /   13958 ] 
100%  [    13900 /   13958 ] 
writing output to files...
...CD_in_water_water_Gmax.3d
...CD_in_water_water_PhiMax.3d
...CD_in_water_water_PsiMax.3d
...CD_in_water_water_ThetaMax.3d
     0% done
   2.2% done
   4.3% done
   6.5% done
   8.7% done
    11% done
    13% done
    15% done
    17% done
    20% done
    22% done
    24% done
    26% done
    28% done
    30% done
    33% done
    35% done
    37% done
    39% done
    41% done
    43% done
    46% done
    48% done
    50% done
    52% done
    54% done
    57% done
    59% done
    61% done
    63% done
    65% done
    67% done
    70% done
    72% done
    74% done
    76% done
    78% done
    80% done
    83% done
    85% done
    87% done
    89% done
    91% done
    93% done
    96% done
    98% done
